[2026-03-28T10:28:04.403Z] GET https://crates.io/crates/jsonschema → pending (?ms, ?B)
[2026-03-28T10:28:04.919Z] GET https://crates.io/assets/crates-io.d41d8cd98f00b204e9800998ecf8427e.css → 200 (432ms, ?B)
[2026-03-28T10:28:04.919Z] GET https://code.cdn.mozilla.net/fonts/fira.css → 200 (86ms, 7379B)
[2026-03-28T10:28:04.920Z] GET https://crates.io/assets/chunk.d6ccd009d432a4461eab.css → 200 (153ms, 123620B)
[2026-03-28T10:28:04.920Z] GET https://crates.io/assets/vendor.5fee0add436ceb6bf732dbea4738390d.js → 200 (449ms, 4670B)
[2026-03-28T10:28:04.920Z] GET https://crates.io/assets/chunk.d6ccd009d432a4461eab.js → pending (?ms, ?B)
[2026-03-28T10:28:04.920Z] GET https://crates.io/assets/chunk.0e2b1977c780325d1068.js → 200 (434ms, 7677B)
[2026-03-28T10:28:05.823Z] GET https://crates.io/api/v1/crates/jsonschema?include=keywords%2Ccategories%2Cdownloads%2Cdefault_version → 200 (498ms, 3152B)
[2026-03-28T10:28:06.404Z] GET https://crates.io/api/v1/crates/jsonschema/owner_user → 200 (93ms, 187B)
[2026-03-28T10:28:06.404Z] GET https://crates.io/api/v1/crates/jsonschema/0.45.0/readme → 302 (105ms, ?B)
[2026-03-28T10:28:06.404Z] GET https://docs.rs/crate/jsonschema/0.45.0/status.json → pending (?ms, ?B)
[2026-03-28T10:28:06.404Z] GET https://play.rust-lang.org/meta/crates → 200 (125ms, 27416B)
[2026-03-28T10:28:06.404Z] GET https://crates.io/assets/chunk.75937c9d8a4c729ab36b.js → pending (?ms, ?B)
[2026-03-28T10:28:06.404Z] GET https://code.cdn.mozilla.net/fonts/woff/FiraSans-Medium.woff → 200 (95ms, 84076B)
[2026-03-28T10:28:06.405Z] GET https://code.cdn.mozilla.net/fonts/woff/FiraSans-Regular.woff → 200 (116ms, 83136B)
[2026-03-28T10:28:06.405Z] GET https://code.cdn.mozilla.net/fonts/woff/FiraSans-Bold.woff → 200 (116ms, 87960B)
[2026-03-28T10:28:06.405Z] GET https://code.cdn.mozilla.net/fonts/woff/FiraMono-Regular.woff → 200 (122ms, 66108B)
[2026-03-28T10:28:06.405Z] GET https://crates.io/assets/cargo.png → 200 (172ms, ?B)
[2026-03-28T10:28:06.405Z] GET https://crates.io/api/v1/crates/jsonschema/downloads?include=versions → pending (?ms, ?B)
[2026-03-28T10:28:06.405Z] GET https://crates.io/api/v1/crates/jsonschema/owner_team → 200 (153ms, 12B)
[2026-03-28T10:28:06.509Z] GET https://static.crates.io/readmes/jsonschema/jsonschema-0.45.0.html → 200 (112ms, 10196B)
[2026-03-28T10:28:06.559Z] GET https://avatars.githubusercontent.com/u/1236561?v=4&s=64 → 200 (61ms, 1885B)
[2026-03-28T10:28:06.628Z] GET https://img.shields.io/crates/v/jsonschema.svg?style=flat-square&color=fc8d62&logo=rust → pending (?ms, ?B)
[2026-03-28T10:28:06.628Z] GET https://img.shields.io/badge/docs.rs-jsonschema-66c2a5?style=flat-square&labelColor=555555&logo=docs.rs → pending (?ms, ?B)
[2026-03-28T10:28:06.628Z] GET https://img.shields.io/github/actions/workflow/status/Stranger6667/jsonschema/ci.yml?branch=master&style=flat-square → pending (?ms, ?B)
[2026-03-28T10:28:06.628Z] GET https://img.shields.io/codecov/c/gh/Stranger6667/jsonschema?logo=codecov&style=flat-square&token=B1EnafGlRL → pending (?ms, ?B)
[2026-03-28T10:28:06.628Z] GET https://img.shields.io/endpoint?url=https%3A%2F%2Fbowtie.report%2Fbadges%2Frust-jsonschema%2Fsupported_versions.json&style=flat-square → pending (?ms, ?B)
[2026-03-28T10:28:06.628Z] GET https://img.shields.io/endpoint?url=https%3A%2F%2Fbowtie.report%2Fbadges%2Frust-jsonschema%2Fcompliance%2Fdraft2020-12.json → pending (?ms, ?B)
[2026-03-28T10:28:06.628Z] GET https://img.shields.io/endpoint?url=https%3A%2F%2Fbowtie.report%2Fbadges%2Frust-jsonschema%2Fcompliance%2Fdraft2019-09.json → pending (?ms, ?B)
[2026-03-28T10:28:06.628Z] GET https://img.shields.io/endpoint?url=https%3A%2F%2Fbowtie.report%2Fbadges%2Frust-jsonschema%2Fcompliance%2Fdraft7.json → pending (?ms, ?B)
[2026-03-28T10:28:06.629Z] GET https://img.shields.io/endpoint?url=https%3A%2F%2Fbowtie.report%2Fbadges%2Frust-jsonschema%2Fcompliance%2Fdraft6.json → pending (?ms, ?B)
[2026-03-28T10:28:06.629Z] GET https://img.shields.io/endpoint?url=https%3A%2F%2Fbowtie.report%2Fbadges%2Frust-jsonschema%2Fcompliance%2Fdraft4.json → pending (?ms, ?B)
[2026-03-28T10:28:06.635Z] GET https://code.cdn.mozilla.net/fonts/woff/FiraMono-Bold.woff → pending (?ms, ?B)
[2026-03-28T10:28:06.816Z] GET https://crates.io/api/v1/site_metadata → 200 (149ms, 151B)
[2026-03-28T10:28:15.973Z] GET https://crates.io/crates/valico → 200 (149ms, 3465B)
[2026-03-28T10:28:16.126Z] GET https://crates.io/assets/crates-io.d41d8cd98f00b204e9800998ecf8427e.css → 200 (?ms, ?B)
[2026-03-28T10:28:16.126Z] GET https://code.cdn.mozilla.net/fonts/fira.css → 200 (1ms, 7379B)
[2026-03-28T10:28:16.127Z] GET https://crates.io/assets/chunk.d6ccd009d432a4461eab.css → 200 (?ms, 123620B)
[2026-03-28T10:28:16.127Z] GET https://crates.io/assets/vendor.5fee0add436ceb6bf732dbea4738390d.js → 200 (?ms, 4670B)
[2026-03-28T10:28:16.127Z] GET https://crates.io/assets/chunk.d6ccd009d432a4461eab.js → 200 (1ms, 1474292B)
[2026-03-28T10:28:16.128Z] GET https://crates.io/assets/chunk.0e2b1977c780325d1068.js → 200 (?ms, 7677B)
[2026-03-28T10:28:16.140Z] GET https://code.cdn.mozilla.net/fonts/woff/FiraSans-Regular.woff → 200 (2ms, ?B)
[2026-03-28T10:28:16.142Z] GET https://code.cdn.mozilla.net/fonts/woff/FiraSans-Medium.woff → 200 (?ms, ?B)
[2026-03-28T10:28:16.142Z] GET https://code.cdn.mozilla.net/fonts/woff/FiraSans-Bold.woff → 200 (?ms, ?B)
[2026-03-28T10:28:16.142Z] GET https://code.cdn.mozilla.net/fonts/woff/FiraMono-Regular.woff → 200 (?ms, ?B)
[2026-03-28T10:28:16.142Z] GET https://code.cdn.mozilla.net/fonts/woff/FiraMono-Bold.woff → 200 (?ms, ?B)
[2026-03-28T10:28:16.176Z] GET https://crates.io/api/v1/crates/valico?include=keywords%2Ccategories%2Cdownloads%2Cdefault_version → 200 (149ms, 2693B)
[2026-03-28T10:28:16.350Z] GET https://crates.io/api/v1/crates/valico/owner_user → 200 (129ms, 185B)
[2026-03-28T10:28:16.350Z] GET https://crates.io/assets/cargo.png → 200 (?ms, 60046B)
[2026-03-28T10:28:16.350Z] GET https://crates.io/api/v1/crates/valico/4.0.0/readme → 302 (137ms, ?B)
[2026-03-28T10:28:16.350Z] GET https://docs.rs/crate/valico/4.0.0/status.json → 200 (166ms, 37B)
[2026-03-28T10:28:16.350Z] GET https://play.rust-lang.org/meta/crates → 200 (1ms, 27416B)
[2026-03-28T10:28:16.350Z] GET https://crates.io/assets/chunk.75937c9d8a4c729ab36b.js → 200 (?ms, 199897B)
[2026-03-28T10:28:16.350Z] GET https://crates.io/api/v1/crates/valico/downloads?include=versions → pending (?ms, ?B)
[2026-03-28T10:28:16.350Z] GET https://crates.io/api/v1/crates/valico/owner_team → 200 (144ms, 12B)
[2026-03-28T10:28:16.487Z] GET https://static.crates.io/readmes/valico/valico-4.0.0.html → 200 (25ms, 16741B)
[2026-03-28T10:28:16.496Z] GET https://avatars.githubusercontent.com/u/198327?v=4&s=64 → 200 (19ms, 1894B)
[2026-03-28T10:28:16.525Z] GET https://travis-ci.org/rustless/valico.svg?branch=master → 301 (89ms, ?B)
[2026-03-28T10:28:16.614Z] GET https://app.travis-ci.com/rustless/valico.svg?branch=master → pending (?ms, ?B)
[2026-03-28T10:28:16.993Z] GET https://api.travis-ci.com/rustless/valico.svg?branch=master → 200 (392ms, 730B)
[2026-03-28T10:28:17.176Z] GET https://crates.io/api/v1/site_metadata → 200 (149ms, 151B)
[2026-03-28T10:28:43.196Z] GET https://crates.io/crates/json-patch → 200 (156ms, 3469B)
[2026-03-28T10:28:43.358Z] GET https://crates.io/assets/crates-io.d41d8cd98f00b204e9800998ecf8427e.css → 200 (?ms, ?B)
[2026-03-28T10:28:43.359Z] GET https://code.cdn.mozilla.net/fonts/fira.css → 200 (?ms, 7379B)
[2026-03-28T10:28:43.359Z] GET https://crates.io/assets/chunk.d6ccd009d432a4461eab.css → 200 (?ms, 123620B)
[2026-03-28T10:28:43.359Z] GET https://crates.io/assets/vendor.5fee0add436ceb6bf732dbea4738390d.js → 200 (?ms, 4670B)
[2026-03-28T10:28:43.359Z] GET https://crates.io/assets/chunk.d6ccd009d432a4461eab.js → 200 (1ms, 1474292B)
[2026-03-28T10:28:43.360Z] GET https://crates.io/assets/chunk.0e2b1977c780325d1068.js → 200 (?ms, 7677B)
[2026-03-28T10:28:43.364Z] GET https://code.cdn.mozilla.net/fonts/woff/FiraSans-Regular.woff → 200 (?ms, ?B)
[2026-03-28T10:28:43.365Z] GET https://code.cdn.mozilla.net/fonts/woff/FiraSans-Medium.woff → 200 (?ms, ?B)
[2026-03-28T10:28:43.365Z] GET https://code.cdn.mozilla.net/fonts/woff/FiraSans-Bold.woff → 200 (?ms, ?B)
[2026-03-28T10:28:43.365Z] GET https://code.cdn.mozilla.net/fonts/woff/FiraMono-Regular.woff → 200 (?ms, ?B)
[2026-03-28T10:28:43.365Z] GET https://code.cdn.mozilla.net/fonts/woff/FiraMono-Bold.woff → 200 (?ms, ?B)
[2026-03-28T10:28:43.400Z] GET https://crates.io/api/v1/crates/json-patch?include=keywords%2Ccategories%2Cdownloads%2Cdefault_version → 200 (152ms, 2707B)
[2026-03-28T10:28:43.578Z] GET https://crates.io/api/v1/crates/json-patch/owner_user → pending (?ms, ?B)
[2026-03-28T10:28:43.578Z] GET https://crates.io/assets/cargo.png → 200 (?ms, 60046B)
[2026-03-28T10:28:43.579Z] GET https://crates.io/api/v1/crates/json-patch/4.1.0/readme → pending (?ms, ?B)
[2026-03-28T10:28:43.579Z] GET https://docs.rs/crate/json-patch/4.1.0/status.json → pending (?ms, ?B)
[2026-03-28T10:28:43.579Z] GET https://play.rust-lang.org/meta/crates → pending (?ms, ?B)
[2026-03-28T10:28:43.579Z] GET https://crates.io/assets/chunk.75937c9d8a4c729ab36b.js → 200 (?ms, 199897B)
[2026-03-28T10:28:43.579Z] GET https://crates.io/api/v1/crates/json-patch/downloads?include=versions → pending (?ms, ?B)
[2026-03-28T10:28:43.579Z] GET https://crates.io/api/v1/crates/json-patch/owner_team → pending (?ms, ?B)
[2026-03-28T10:28:43.720Z] GET https://static.crates.io/readmes/json-patch/json-patch-4.1.0.html → 200 (516ms, 3783B)
[2026-03-28T10:28:43.733Z] GET https://avatars.githubusercontent.com/u/434788?v=4&s=64 → 200 (21ms, 1572B)
[2026-03-28T10:28:44.245Z] GET https://img.shields.io/crates/v/json-patch.svg → 200 (192ms, 1110B)
[2026-03-28T10:28:44.245Z] GET https://img.shields.io/crates/d/json-patch.svg → 200 (136ms, 1095B)
[2026-03-28T10:28:44.246Z] GET https://github.com/idubrov/json-patch/actions/workflows/main.yml/badge.svg → 200 (282ms, 2271B)
[2026-03-28T10:28:44.246Z] GET https://codecov.io/gh/idubrov/json-patch/branch/main/graph/badge.svg?token=hdcr6yfBfa → 200 (213ms, 2274B)
[2026-03-28T10:28:44.248Z] GET https://code.cdn.mozilla.net/fonts/woff/FiraSans-Italic.woff → 200 (25ms, 88248B)
[2026-03-28T10:28:44.400Z] GET https://crates.io/api/v1/site_metadata → 200 (159ms, 151B)
[2026-03-28T10:28:46.541Z] GET https://codecov.io/gh/idubrov/json-patch/branch/main/graph/badge.svg?token=hdcr6yfBfa → 200 (146ms, 2274B)
[2026-03-28T10:28:50.407Z] GET https://codecov.io/gh/idubrov/json-patch/branch/main/graph/badge.svg?token=hdcr6yfBfa → 200 (131ms, 2274B)
[2026-03-28T10:28:54.366Z] GET https://crates.io/crates/boon → 200 (160ms, 3463B)
[2026-03-28T10:28:54.530Z] GET https://crates.io/assets/crates-io.d41d8cd98f00b204e9800998ecf8427e.css → 200 (1ms, ?B)
[2026-03-28T10:28:54.531Z] GET https://code.cdn.mozilla.net/fonts/fira.css → 200 (?ms, 7379B)
[2026-03-28T10:28:54.531Z] GET https://crates.io/assets/chunk.d6ccd009d432a4461eab.css → 200 (?ms, 123620B)
[2026-03-28T10:28:54.531Z] GET https://crates.io/assets/vendor.5fee0add436ceb6bf732dbea4738390d.js → 200 (1ms, 4670B)
[2026-03-28T10:28:54.532Z] GET https://crates.io/assets/chunk.d6ccd009d432a4461eab.js → 200 (?ms, 1474292B)
[2026-03-28T10:28:54.532Z] GET https://crates.io/assets/chunk.0e2b1977c780325d1068.js → 200 (?ms, 7677B)
[2026-03-28T10:28:54.537Z] GET https://code.cdn.mozilla.net/fonts/woff/FiraSans-Regular.woff → 200 (1ms, ?B)
[2026-03-28T10:28:54.538Z] GET https://code.cdn.mozilla.net/fonts/woff/FiraSans-Italic.woff → 200 (?ms, ?B)
[2026-03-28T10:28:54.538Z] GET https://code.cdn.mozilla.net/fonts/woff/FiraSans-Medium.woff → 200 (?ms, ?B)
[2026-03-28T10:28:54.538Z] GET https://code.cdn.mozilla.net/fonts/woff/FiraSans-Bold.woff → 200 (?ms, ?B)
[2026-03-28T10:28:54.538Z] GET https://code.cdn.mozilla.net/fonts/woff/FiraMono-Regular.woff → 200 (?ms, ?B)
[2026-03-28T10:28:54.539Z] GET https://code.cdn.mozilla.net/fonts/woff/FiraMono-Bold.woff → 200 (?ms, ?B)
[2026-03-28T10:28:54.571Z] GET https://crates.io/api/v1/crates/boon?include=keywords%2Ccategories%2Cdownloads%2Cdefault_version → pending (?ms, ?B)
[2026-03-28T10:28:54.759Z] GET https://crates.io/api/v1/crates/boon/owner_user → 200 (133ms, 202B)
[2026-03-28T10:28:54.759Z] GET https://crates.io/assets/cargo.png → 200 (?ms, 60046B)
[2026-03-28T10:28:54.760Z] GET https://crates.io/api/v1/crates/boon/0.6.1/readme → 302 (132ms, ?B)
[2026-03-28T10:28:54.760Z] GET https://docs.rs/crate/boon/0.6.1/status.json → 200 (163ms, 37B)
[2026-03-28T10:28:54.760Z] GET https://play.rust-lang.org/meta/crates → 200 (1ms, 27416B)
[2026-03-28T10:28:54.760Z] GET https://crates.io/assets/chunk.75937c9d8a4c729ab36b.js → 200 (?ms, 199897B)
[2026-03-28T10:28:54.760Z] GET https://crates.io/api/v1/crates/boon/downloads?include=versions → 200 (303ms, 27725B)
[2026-03-28T10:28:54.760Z] GET https://crates.io/api/v1/crates/boon/owner_team → 200 (149ms, 12B)
[2026-03-28T10:28:54.892Z] GET https://static.crates.io/readmes/boon/boon-0.6.1.html → 200 (525ms, 7546B)
[2026-03-28T10:28:54.912Z] GET https://avatars.githubusercontent.com/u/1112271?v=4&s=64 → 200 (20ms, 1710B)
[2026-03-28T10:28:55.420Z] GET https://img.shields.io/badge/License-Apache%202.0-blue.svg → 200 (31ms, 1118B)
[2026-03-28T10:28:55.420Z] GET https://img.shields.io/crates/v/boon.svg → 200 (141ms, 1110B)
[2026-03-28T10:28:55.420Z] GET https://docs.rs/boon/badge.svg → 301 (63ms, ?B)
[2026-03-28T10:28:55.420Z] GET https://github.com/santhosh-tekuri/boon/actions/workflows/rust.yml/badge.svg?branch=main → 200 (239ms, 2263B)
[2026-03-28T10:28:55.420Z] GET https://codecov.io/gh/santhosh-tekuri/boon/branch/main/graph/badge.svg?token=A2YC4A0BLG → 200 (132ms, 2274B)
[2026-03-28T10:28:55.420Z] GET https://deps.rs/repo/github/Santhosh-tekuri/boon/status.svg?refresh → pending (?ms, ?B)
[2026-03-28T10:28:55.420Z] GET https://img.shields.io/endpoint?url=https://bowtie.report/badges/rust-boon/compliance/draft4.json → 200 (164ms, 1126B)
[2026-03-28T10:28:55.420Z] GET https://img.shields.io/endpoint?url=https://bowtie.report/badges/rust-boon/compliance/draft6.json → pending (?ms, ?B)
[2026-03-28T10:28:55.420Z] GET https://img.shields.io/endpoint?url=https://bowtie.report/badges/rust-boon/compliance/draft7.json → pending (?ms, ?B)
[2026-03-28T10:28:55.420Z] GET https://img.shields.io/endpoint?url=https://bowtie.report/badges/rust-boon/compliance/draft2019-09.json → pending (?ms, ?B)
[2026-03-28T10:28:55.420Z] GET https://img.shields.io/endpoint?url=https://bowtie.report/badges/rust-boon/compliance/draft2020-12.json → 200 (164ms, 1152B)
[2026-03-28T10:28:55.483Z] GET https://img.shields.io/docsrs/boon/latest → pending (?ms, ?B)
[2026-03-28T10:28:55.570Z] GET https://crates.io/api/v1/site_metadata → pending (?ms, ?B)
[2026-03-28T10:28:58.346Z] GET https://codecov.io/gh/santhosh-tekuri/boon/branch/main/graph/badge.svg?token=A2YC4A0BLG → 200 (131ms, 2274B)
[2026-03-28T10:29:03.745Z] GET https://codecov.io/gh/santhosh-tekuri/boon/branch/main/graph/badge.svg?token=A2YC4A0BLG → 200 (132ms, 2274B)
[2026-03-28T10:29:07.695Z] GET https://crates.io/crates/schemars → pending (?ms, ?B)
[2026-03-28T10:29:07.847Z] GET https://crates.io/assets/crates-io.d41d8cd98f00b204e9800998ecf8427e.css → 200 (?ms, ?B)
[2026-03-28T10:29:07.848Z] GET https://code.cdn.mozilla.net/fonts/fira.css → 200 (?ms, 7379B)
[2026-03-28T10:29:07.848Z] GET https://crates.io/assets/chunk.d6ccd009d432a4461eab.css → 200 (?ms, 123620B)
[2026-03-28T10:29:07.848Z] GET https://crates.io/assets/vendor.5fee0add436ceb6bf732dbea4738390d.js → 200 (1ms, 4670B)
[2026-03-28T10:29:07.849Z] GET https://crates.io/assets/chunk.d6ccd009d432a4461eab.js → 200 (?ms, 1474292B)
[2026-03-28T10:29:07.849Z] GET https://crates.io/assets/chunk.0e2b1977c780325d1068.js → 200 (?ms, 7677B)
[2026-03-28T10:29:07.853Z] GET https://code.cdn.mozilla.net/fonts/woff/FiraSans-Regular.woff → 200 (?ms, ?B)
[2026-03-28T10:29:07.854Z] GET https://code.cdn.mozilla.net/fonts/woff/FiraSans-Italic.woff → 200 (?ms, ?B)
[2026-03-28T10:29:07.854Z] GET https://code.cdn.mozilla.net/fonts/woff/FiraSans-Medium.woff → 200 (?ms, ?B)
[2026-03-28T10:29:07.854Z] GET https://code.cdn.mozilla.net/fonts/woff/FiraSans-Bold.woff → 200 (?ms, ?B)
[2026-03-28T10:29:07.854Z] GET https://code.cdn.mozilla.net/fonts/woff/FiraMono-Regular.woff → 200 (?ms, ?B)
[2026-03-28T10:29:07.854Z] GET https://code.cdn.mozilla.net/fonts/woff/FiraMono-Bold.woff → 200 (1ms, ?B)
[2026-03-28T10:29:07.890Z] GET https://crates.io/api/v1/crates/schemars?include=keywords%2Ccategories%2Cdownloads%2Cdefault_version → 200 (149ms, 3260B)
[2026-03-28T10:29:08.063Z] GET https://crates.io/api/v1/crates/schemars/owner_user → 200 (138ms, 173B)
[2026-03-28T10:29:08.064Z] GET https://crates.io/assets/cargo.png → 200 (?ms, 60046B)
[2026-03-28T10:29:08.064Z] GET https://crates.io/api/v1/crates/schemars/1.2.1/readme → 302 (137ms, ?B)
[2026-03-28T10:29:08.064Z] GET https://docs.rs/crate/schemars/1.2.1/status.json → 200 (165ms, 37B)
[2026-03-28T10:29:08.064Z] GET https://play.rust-lang.org/meta/crates → 200 (1ms, 27416B)
[2026-03-28T10:29:08.064Z] GET https://crates.io/assets/chunk.75937c9d8a4c729ab36b.js → 200 (?ms, 199897B)
[2026-03-28T10:29:08.064Z] GET https://crates.io/api/v1/crates/schemars/downloads?include=versions → pending (?ms, ?B)
[2026-03-28T10:29:08.064Z] GET https://crates.io/api/v1/crates/schemars/owner_team → 200 (147ms, 12B)
[2026-03-28T10:29:08.201Z] GET https://static.crates.io/readmes/schemars/schemars-1.2.1.html → 200 (25ms, 12993B)
[2026-03-28T10:29:08.213Z] GET https://avatars.githubusercontent.com/u/9611672?v=4&s=64 → 200 (28ms, 1454B)
[2026-03-28T10:29:08.241Z] GET https://img.shields.io/github/actions/workflow/status/GREsau/schemars/ci.yml?branch=master&logo=GitHub → 200 (296ms, 2292B)
[2026-03-28T10:29:08.241Z] GET https://img.shields.io/crates/v/schemars → 200 (158ms, 1110B)
[2026-03-28T10:29:08.241Z] GET https://img.shields.io/docsrs/schemars/latest?label=API%20docs → 200 (271ms, 1107B)
[2026-03-28T10:29:08.241Z] GET https://img.shields.io/badge/Usage%20docs-graham.cool%2Fschemars-blue → 200 (28ms, 1175B)
[2026-03-28T10:29:08.241Z] GET https://img.shields.io/badge/msrv-1.74-blue → 200 (113ms, 1079B)
[2026-03-28T10:29:08.893Z] GET https://crates.io/api/v1/site_metadata → 200 (151ms, 151B)
[2026-03-28T10:29:26.047Z] GET https://crates.io/crates/jsondiffpatch → 200 (154ms, 3472B)
[2026-03-28T10:29:26.206Z] GET https://crates.io/assets/crates-io.d41d8cd98f00b204e9800998ecf8427e.css → 200 (?ms, ?B)
[2026-03-28T10:29:26.206Z] GET https://code.cdn.mozilla.net/fonts/fira.css → 200 (?ms, 7379B)
[2026-03-28T10:29:26.206Z] GET https://crates.io/assets/chunk.d6ccd009d432a4461eab.css → 200 (?ms, 123620B)
[2026-03-28T10:29:26.206Z] GET https://crates.io/assets/vendor.5fee0add436ceb6bf732dbea4738390d.js → 200 (1ms, 4670B)
[2026-03-28T10:29:26.207Z] GET https://crates.io/assets/chunk.d6ccd009d432a4461eab.js → 200 (?ms, 1474292B)
[2026-03-28T10:29:26.207Z] GET https://crates.io/assets/chunk.0e2b1977c780325d1068.js → 200 (?ms, 7677B)
[2026-03-28T10:29:26.212Z] GET https://code.cdn.mozilla.net/fonts/woff/FiraSans-Regular.woff → 200 (?ms, ?B)
[2026-03-28T10:29:26.213Z] GET https://code.cdn.mozilla.net/fonts/woff/FiraSans-Italic.woff → 200 (?ms, ?B)
[2026-03-28T10:29:26.213Z] GET https://code.cdn.mozilla.net/fonts/woff/FiraSans-Medium.woff → 200 (?ms, ?B)
[2026-03-28T10:29:26.213Z] GET https://code.cdn.mozilla.net/fonts/woff/FiraSans-Bold.woff → 200 (?ms, ?B)
[2026-03-28T10:29:26.213Z] GET https://code.cdn.mozilla.net/fonts/woff/FiraMono-Regular.woff → 200 (?ms, ?B)
[2026-03-28T10:29:26.213Z] GET https://code.cdn.mozilla.net/fonts/woff/FiraMono-Bold.woff → 200 (?ms, ?B)
[2026-03-28T10:29:26.249Z] GET https://crates.io/api/v1/crates/jsondiffpatch?include=keywords%2Ccategories%2Cdownloads%2Cdefault_version → 200 (153ms, ?B)
[2026-03-28T10:29:26.396Z] GET https://crates.io/crates/assert-json-diff → 200 (154ms, 3475B)
[2026-03-28T10:29:26.424Z] GET https://crates.io/api/v1/crates/jsondiffpatch/owner_user → pending (?ms, ?B)
[2026-03-28T10:29:26.424Z] GET https://crates.io/assets/cargo.png → 200 (?ms, ?B)
[2026-03-28T10:29:26.424Z] GET https://crates.io/api/v1/crates/jsondiffpatch/0.1.0/readme → pending (?ms, ?B)
[2026-03-28T10:29:26.424Z] GET https://docs.rs/crate/jsondiffpatch/0.1.0/status.json → pending (?ms, ?B)
[2026-03-28T10:29:26.425Z] GET https://play.rust-lang.org/meta/crates → 200 (52ms, ?B)
[2026-03-28T10:29:26.425Z] GET https://crates.io/assets/chunk.75937c9d8a4c729ab36b.js → 200 (?ms, ?B)
[2026-03-28T10:29:26.425Z] GET https://crates.io/api/v1/crates/jsondiffpatch/downloads?include=versions → pending (?ms, ?B)
[2026-03-28T10:29:26.425Z] GET https://crates.io/api/v1/crates/jsondiffpatch/owner_team → pending (?ms, ?B)
[2026-03-28T10:29:26.555Z] GET https://crates.io/assets/crates-io.d41d8cd98f00b204e9800998ecf8427e.css → 200 (?ms, ?B)
[2026-03-28T10:29:26.556Z] GET https://code.cdn.mozilla.net/fonts/fira.css → 200 (?ms, 7379B)
[2026-03-28T10:29:26.556Z] GET https://crates.io/assets/chunk.d6ccd009d432a4461eab.css → 200 (?ms, 123620B)
[2026-03-28T10:29:26.556Z] GET https://crates.io/assets/vendor.5fee0add436ceb6bf732dbea4738390d.js → 200 (?ms, 4670B)
[2026-03-28T10:29:26.556Z] GET https://crates.io/assets/chunk.d6ccd009d432a4461eab.js → 200 (?ms, 1474292B)
[2026-03-28T10:29:26.556Z] GET https://crates.io/assets/chunk.0e2b1977c780325d1068.js → 200 (1ms, 7677B)
[2026-03-28T10:29:26.589Z] GET https://crates.io/api/v1/crates/assert-json-diff?include=keywords%2Ccategories%2Cdownloads%2Cdefault_version → pending (?ms, ?B)
[2026-03-28T10:29:26.590Z] GET https://code.cdn.mozilla.net/fonts/woff/FiraSans-Regular.woff → 200 (?ms, ?B)
[2026-03-28T10:29:26.590Z] GET https://code.cdn.mozilla.net/fonts/woff/FiraSans-Italic.woff → 200 (?ms, ?B)
[2026-03-28T10:29:26.590Z] GET https://code.cdn.mozilla.net/fonts/woff/FiraSans-Medium.woff → 200 (?ms, ?B)
[2026-03-28T10:29:26.590Z] GET https://code.cdn.mozilla.net/fonts/woff/FiraSans-Bold.woff → 200 (?ms, ?B)
[2026-03-28T10:29:26.590Z] GET https://code.cdn.mozilla.net/fonts/woff/FiraMono-Regular.woff → 200 (1ms, ?B)
[2026-03-28T10:29:26.591Z] GET https://code.cdn.mozilla.net/fonts/woff/FiraMono-Bold.woff → 200 (?ms, ?B)
[2026-03-28T10:29:26.728Z] GET https://crates.io/crates/genson-rs → 200 (148ms, 3468B)
[2026-03-28T10:29:26.847Z] GET https://crates.io/api/v1/crates/assert-json-diff/owner_user → pending (?ms, ?B)
[2026-03-28T10:29:26.847Z] GET https://crates.io/assets/cargo.png → 200 (?ms, ?B)
[2026-03-28T10:29:26.848Z] GET https://crates.io/api/v1/crates/assert-json-diff/2.0.2/readme → pending (?ms, ?B)
[2026-03-28T10:29:26.848Z] GET https://docs.rs/crate/assert-json-diff/2.0.2/status.json → pending (?ms, ?B)
[2026-03-28T10:29:26.848Z] GET https://play.rust-lang.org/meta/crates → 200 (?ms, ?B)
[2026-03-28T10:29:26.848Z] GET https://crates.io/assets/chunk.75937c9d8a4c729ab36b.js → 200 (?ms, ?B)
[2026-03-28T10:29:26.848Z] GET https://crates.io/api/v1/crates/assert-json-diff/downloads?include=versions → pending (?ms, ?B)
[2026-03-28T10:29:26.848Z] GET https://crates.io/api/v1/crates/assert-json-diff/owner_team → pending (?ms, ?B)
[2026-03-28T10:29:26.881Z] GET https://crates.io/assets/crates-io.d41d8cd98f00b204e9800998ecf8427e.css → 200 (?ms, ?B)
[2026-03-28T10:29:26.881Z] GET https://code.cdn.mozilla.net/fonts/fira.css → 200 (?ms, 7379B)
[2026-03-28T10:29:26.881Z] GET https://crates.io/assets/chunk.d6ccd009d432a4461eab.css → 200 (?ms, 123620B)
[2026-03-28T10:29:26.881Z] GET https://crates.io/assets/vendor.5fee0add436ceb6bf732dbea4738390d.js → 200 (?ms, 4670B)
[2026-03-28T10:29:26.881Z] GET https://crates.io/assets/chunk.d6ccd009d432a4461eab.js → 200 (?ms, 1474292B)
[2026-03-28T10:29:26.882Z] GET https://crates.io/assets/chunk.0e2b1977c780325d1068.js → 200 (?ms, 7677B)
[2026-03-28T10:29:26.913Z] GET https://crates.io/api/v1/crates/genson-rs?include=keywords%2Ccategories%2Cdownloads%2Cdefault_version → 200 (153ms, ?B)
[2026-03-28T10:29:26.913Z] GET https://code.cdn.mozilla.net/fonts/woff/FiraSans-Regular.woff → 200 (?ms, ?B)
[2026-03-28T10:29:26.913Z] GET https://code.cdn.mozilla.net/fonts/woff/FiraSans-Italic.woff → 200 (?ms, ?B)
[2026-03-28T10:29:26.913Z] GET https://code.cdn.mozilla.net/fonts/woff/FiraSans-Medium.woff → 200 (?ms, ?B)
[2026-03-28T10:29:26.913Z] GET https://code.cdn.mozilla.net/fonts/woff/FiraSans-Bold.woff → 200 (?ms, ?B)
[2026-03-28T10:29:26.913Z] GET https://code.cdn.mozilla.net/fonts/woff/FiraMono-Regular.woff → 200 (?ms, ?B)
[2026-03-28T10:29:26.913Z] GET https://code.cdn.mozilla.net/fonts/woff/FiraMono-Bold.woff → 200 (?ms, ?B)
[2026-03-28T10:29:27.052Z] GET https://crates.io/crates/infers-jsonschema → 200 (126ms, 3476B)
[2026-03-28T10:29:27.088Z] GET https://crates.io/api/v1/crates/genson-rs/owner_user → pending (?ms, ?B)
[2026-03-28T10:29:27.088Z] GET https://crates.io/assets/cargo.png → 200 (?ms, ?B)
[2026-03-28T10:29:27.088Z] GET https://crates.io/api/v1/crates/genson-rs/0.2.0/readme → pending (?ms, ?B)
[2026-03-28T10:29:27.088Z] GET https://docs.rs/crate/genson-rs/0.2.0/status.json → pending (?ms, ?B)
[2026-03-28T10:29:27.089Z] GET https://play.rust-lang.org/meta/crates → 200 (1ms, ?B)
[2026-03-28T10:29:27.089Z] GET https://crates.io/assets/chunk.75937c9d8a4c729ab36b.js → 200 (?ms, ?B)
[2026-03-28T10:29:27.089Z] GET https://crates.io/api/v1/crates/genson-rs/downloads?include=versions → pending (?ms, ?B)
[2026-03-28T10:29:27.089Z] GET https://crates.io/api/v1/crates/genson-rs/owner_team → pending (?ms, ?B)
[2026-03-28T10:29:27.183Z] GET https://crates.io/assets/crates-io.d41d8cd98f00b204e9800998ecf8427e.css → 200 (?ms, ?B)
[2026-03-28T10:29:27.184Z] GET https://code.cdn.mozilla.net/fonts/fira.css → 200 (?ms, 7379B)
[2026-03-28T10:29:27.184Z] GET https://crates.io/assets/chunk.d6ccd009d432a4461eab.css → 200 (?ms, 123620B)
[2026-03-28T10:29:27.184Z] GET https://crates.io/assets/vendor.5fee0add436ceb6bf732dbea4738390d.js → 200 (?ms, 4670B)
[2026-03-28T10:29:27.184Z] GET https://crates.io/assets/chunk.d6ccd009d432a4461eab.js → 200 (?ms, 1474292B)
[2026-03-28T10:29:27.184Z] GET https://crates.io/assets/chunk.0e2b1977c780325d1068.js → 200 (1ms, 7677B)
[2026-03-28T10:29:27.214Z] GET https://code.cdn.mozilla.net/fonts/woff/FiraSans-Regular.woff → 200 (?ms, ?B)
[2026-03-28T10:29:27.214Z] GET https://code.cdn.mozilla.net/fonts/woff/FiraSans-Italic.woff → 200 (?ms, ?B)
[2026-03-28T10:29:27.214Z] GET https://code.cdn.mozilla.net/fonts/woff/FiraSans-Medium.woff → 200 (1ms, ?B)
[2026-03-28T10:29:27.216Z] GET https://code.cdn.mozilla.net/fonts/woff/FiraSans-Bold.woff → 200 (?ms, ?B)
[2026-03-28T10:29:27.216Z] GET https://code.cdn.mozilla.net/fonts/woff/FiraMono-Regular.woff → 200 (?ms, ?B)
[2026-03-28T10:29:27.216Z] GET https://code.cdn.mozilla.net/fonts/woff/FiraMono-Bold.woff → 200 (?ms, ?B)
[2026-03-28T10:29:27.216Z] GET https://crates.io/api/v1/crates/infers-jsonschema?include=keywords%2Ccategories%2Cdownloads%2Cdefault_version → 200 (150ms, ?B)
[2026-03-28T10:29:27.357Z] GET https://crates.io/crates/json-schema-generator → 200 (168ms, 3480B)
[2026-03-28T10:29:27.388Z] GET https://crates.io/api/v1/crates/infers-jsonschema/owner_user → 200 (138ms, ?B)
[2026-03-28T10:29:27.388Z] GET https://crates.io/assets/cargo.png → 200 (?ms, ?B)
[2026-03-28T10:29:27.388Z] GET https://crates.io/api/v1/crates/infers-jsonschema/0.1.0/readme → 302 (137ms, ?B)
[2026-03-28T10:29:27.388Z] GET https://docs.rs/crate/infers-jsonschema/0.1.0/status.json → pending (?ms, ?B)
[2026-03-28T10:29:27.388Z] GET https://play.rust-lang.org/meta/crates → 200 (1ms, ?B)
[2026-03-28T10:29:27.388Z] GET https://crates.io/assets/chunk.75937c9d8a4c729ab36b.js → 200 (?ms, ?B)
[2026-03-28T10:29:27.388Z] GET https://crates.io/api/v1/crates/infers-jsonschema/downloads?include=versions → pending (?ms, ?B)
[2026-03-28T10:29:27.388Z] GET https://crates.io/api/v1/crates/infers-jsonschema/owner_team → pending (?ms, ?B)
[2026-03-28T10:29:27.525Z] GET https://static.crates.io/readmes/infers-jsonschema/infers-jsonschema-0.1.0.html → pending (?ms, ?B)
[2026-03-28T10:29:27.530Z] GET https://crates.io/assets/crates-io.d41d8cd98f00b204e9800998ecf8427e.css → 200 (1ms, ?B)
[2026-03-28T10:29:27.531Z] GET https://code.cdn.mozilla.net/fonts/fira.css → 200 (?ms, 7379B)
[2026-03-28T10:29:27.531Z] GET https://crates.io/assets/chunk.d6ccd009d432a4461eab.css → 200 (?ms, 123620B)
[2026-03-28T10:29:27.531Z] GET https://crates.io/assets/vendor.5fee0add436ceb6bf732dbea4738390d.js → 200 (?ms, 4670B)
[2026-03-28T10:29:27.531Z] GET https://crates.io/assets/chunk.d6ccd009d432a4461eab.js → 200 (1ms, 1474292B)
[2026-03-28T10:29:27.532Z] GET https://crates.io/assets/chunk.0e2b1977c780325d1068.js → 200 (?ms, 7677B)
[2026-03-28T10:29:27.566Z] GET https://crates.io/api/v1/crates/json-schema-generator?include=keywords%2Ccategories%2Cdownloads%2Cdefault_version → 200 (146ms, ?B)
[2026-03-28T10:29:27.566Z] GET https://code.cdn.mozilla.net/fonts/woff/FiraSans-Regular.woff → 200 (?ms, ?B)
[2026-03-28T10:29:27.566Z] GET https://code.cdn.mozilla.net/fonts/woff/FiraSans-Italic.woff → 200 (?ms, ?B)
[2026-03-28T10:29:27.566Z] GET https://code.cdn.mozilla.net/fonts/woff/FiraSans-Medium.woff → 200 (?ms, ?B)
[2026-03-28T10:29:27.566Z] GET https://code.cdn.mozilla.net/fonts/woff/FiraSans-Bold.woff → 200 (?ms, ?B)
[2026-03-28T10:29:27.566Z] GET https://code.cdn.mozilla.net/fonts/woff/FiraMono-Regular.woff → 200 (?ms, ?B)
[2026-03-28T10:29:27.566Z] GET https://code.cdn.mozilla.net/fonts/woff/FiraMono-Bold.woff → 200 (1ms, ?B)
[2026-03-28T10:29:27.705Z] GET https://crates.io/crates/schemaui → pending (?ms, ?B)
[2026-03-28T10:29:27.730Z] GET https://crates.io/api/v1/crates/json-schema-generator/owner_user → pending (?ms, ?B)
[2026-03-28T10:29:27.730Z] GET https://crates.io/assets/cargo.png → 200 (1ms, ?B)
[2026-03-28T10:29:27.731Z] GET https://crates.io/api/v1/crates/json-schema-generator/0.1.1/readme → pending (?ms, ?B)
[2026-03-28T10:29:27.731Z] GET https://docs.rs/crate/json-schema-generator/0.1.1/status.json → pending (?ms, ?B)
[2026-03-28T10:29:27.731Z] GET https://play.rust-lang.org/meta/crates → 200 (1ms, ?B)
[2026-03-28T10:29:27.731Z] GET https://crates.io/assets/chunk.75937c9d8a4c729ab36b.js → 200 (?ms, ?B)
[2026-03-28T10:29:27.731Z] GET https://crates.io/api/v1/crates/json-schema-generator/downloads?include=versions → pending (?ms, ?B)
[2026-03-28T10:29:27.731Z] GET https://crates.io/api/v1/crates/json-schema-generator/owner_team → pending (?ms, ?B)
[2026-03-28T10:29:27.866Z] GET https://crates.io/assets/crates-io.d41d8cd98f00b204e9800998ecf8427e.css → 200 (?ms, ?B)
[2026-03-28T10:29:27.867Z] GET https://code.cdn.mozilla.net/fonts/fira.css → 200 (?ms, 7379B)
[2026-03-28T10:29:27.867Z] GET https://crates.io/assets/chunk.d6ccd009d432a4461eab.css → 200 (?ms, 123620B)
[2026-03-28T10:29:27.867Z] GET https://crates.io/assets/vendor.5fee0add436ceb6bf732dbea4738390d.js → 200 (?ms, 4670B)
[2026-03-28T10:29:27.867Z] GET https://crates.io/assets/chunk.d6ccd009d432a4461eab.js → 200 (?ms, 1474292B)
[2026-03-28T10:29:27.868Z] GET https://crates.io/assets/chunk.0e2b1977c780325d1068.js → 200 (?ms, 7677B)
[2026-03-28T10:29:27.902Z] GET https://code.cdn.mozilla.net/fonts/woff/FiraSans-Regular.woff → 200 (?ms, ?B)
[2026-03-28T10:29:27.902Z] GET https://code.cdn.mozilla.net/fonts/woff/FiraSans-Italic.woff → 200 (?ms, ?B)
[2026-03-28T10:29:27.902Z] GET https://code.cdn.mozilla.net/fonts/woff/FiraSans-Medium.woff → 200 (?ms, ?B)
[2026-03-28T10:29:27.902Z] GET https://code.cdn.mozilla.net/fonts/woff/FiraSans-Bold.woff → 200 (?ms, ?B)
[2026-03-28T10:29:27.903Z] GET https://code.cdn.mozilla.net/fonts/woff/FiraMono-Regular.woff → 200 (?ms, ?B)
[2026-03-28T10:29:27.903Z] GET https://code.cdn.mozilla.net/fonts/woff/FiraMono-Bold.woff → 200 (?ms, ?B)
[2026-03-28T10:29:27.903Z] GET https://crates.io/api/v1/crates/schemaui?include=keywords%2Ccategories%2Cdownloads%2Cdefault_version → 200 (133ms, 3884B)
[2026-03-28T10:29:28.059Z] GET https://crates.io/api/v1/crates/schemaui/owner_user → 200 (137ms, ?B)
[2026-03-28T10:29:28.059Z] GET https://crates.io/assets/cargo.png → 200 (?ms, 60046B)
[2026-03-28T10:29:28.059Z] GET https://crates.io/api/v1/crates/schemaui/0.4.3/readme → pending (?ms, ?B)
[2026-03-28T10:29:28.059Z] GET https://docs.rs/crate/schemaui/0.4.3/status.json → pending (?ms, ?B)
[2026-03-28T10:29:28.059Z] GET https://play.rust-lang.org/meta/crates → 200 (1ms, ?B)
[2026-03-28T10:29:28.059Z] GET https://crates.io/assets/chunk.75937c9d8a4c729ab36b.js → 200 (?ms, 199897B)
[2026-03-28T10:29:28.059Z] GET https://crates.io/api/v1/crates/schemaui/downloads?include=versions → pending (?ms, ?B)
[2026-03-28T10:29:28.059Z] GET https://crates.io/api/v1/crates/schemaui/owner_team → 200 (132ms, ?B)
[2026-03-28T10:29:28.061Z] GET https://crates.io/crates/typify → 200 (160ms, 3465B)
[2026-03-28T10:29:28.198Z] GET https://avatars.githubusercontent.com/u/127641096?v=4&s=64 → pending (?ms, ?B)
[2026-03-28T10:29:28.227Z] GET https://code.cdn.mozilla.net/fonts/woff/FiraSans-Light.woff → pending (?ms, ?B)
[2026-03-28T10:29:28.228Z] GET https://crates.io/assets/crates-io.d41d8cd98f00b204e9800998ecf8427e.css → 200 (1ms, ?B)
[2026-03-28T10:29:28.229Z] GET https://code.cdn.mozilla.net/fonts/fira.css → 200 (?ms, 7379B)
[2026-03-28T10:29:28.229Z] GET https://crates.io/assets/chunk.d6ccd009d432a4461eab.css → 200 (?ms, 123620B)
[2026-03-28T10:29:28.229Z] GET https://crates.io/assets/vendor.5fee0add436ceb6bf732dbea4738390d.js → 200 (?ms, 4670B)
[2026-03-28T10:29:28.229Z] GET https://crates.io/assets/chunk.d6ccd009d432a4461eab.js → 200 (1ms, 1474292B)
[2026-03-28T10:29:28.230Z] GET https://crates.io/assets/chunk.0e2b1977c780325d1068.js → 200 (?ms, 7677B)
[2026-03-28T10:29:28.267Z] GET https://crates.io/api/v1/crates/typify?include=keywords%2Ccategories%2Cdownloads%2Cdefault_version → pending (?ms, ?B)
[2026-03-28T10:29:28.267Z] GET https://code.cdn.mozilla.net/fonts/woff/FiraSans-Regular.woff → 200 (?ms, ?B)
[2026-03-28T10:29:28.267Z] GET https://code.cdn.mozilla.net/fonts/woff/FiraSans-Italic.woff → 200 (?ms, ?B)
[2026-03-28T10:29:28.267Z] GET https://code.cdn.mozilla.net/fonts/woff/FiraSans-Medium.woff → 200 (?ms, ?B)
[2026-03-28T10:29:28.268Z] GET https://code.cdn.mozilla.net/fonts/woff/FiraSans-Bold.woff → 200 (?ms, ?B)
[2026-03-28T10:29:28.268Z] GET https://code.cdn.mozilla.net/fonts/woff/FiraMono-Regular.woff → 200 (?ms, ?B)
[2026-03-28T10:29:28.268Z] GET https://code.cdn.mozilla.net/fonts/woff/FiraMono-Bold.woff → 200 (?ms, ?B)
[2026-03-28T10:29:28.789Z] GET https://crates.io/api/v1/crates/typify/owner_user → 200 (397ms, 169B)
[2026-03-28T10:29:28.789Z] GET https://crates.io/assets/cargo.png → 200 (?ms, 60046B)
[2026-03-28T10:29:28.789Z] GET https://crates.io/api/v1/crates/typify/0.6.1/readme → 302 (426ms, ?B)
[2026-03-28T10:29:28.789Z] GET https://docs.rs/crate/typify/0.6.1/status.json → 200 (162ms, 37B)
[2026-03-28T10:29:28.790Z] GET https://play.rust-lang.org/meta/crates → 200 (1ms, 27416B)
[2026-03-28T10:29:28.790Z] GET https://crates.io/assets/chunk.75937c9d8a4c729ab36b.js → 200 (?ms, 199897B)
[2026-03-28T10:29:28.790Z] GET https://crates.io/api/v1/crates/typify/downloads?include=versions → 200 (747ms, 31682B)
[2026-03-28T10:29:28.790Z] GET https://crates.io/api/v1/crates/typify/owner_team → 200 (403ms, 12B)
[2026-03-28T10:29:29.195Z] GET https://avatars.githubusercontent.com/u/677483?v=4&s=64 → 200 (20ms, 2158B)
[2026-03-28T10:29:29.216Z] GET https://static.crates.io/readmes/typify/typify-0.6.1.html → 200 (26ms, 17261B)
[2026-03-28T10:29:29.267Z] GET https://crates.io/api/v1/site_metadata → 200 (402ms, 151B)
[2026-03-28T10:29:33.275Z] GET https://crates.io/crates/jsondiffpatch → 200 (126ms, 3472B)
[2026-03-28T10:29:33.405Z] GET https://crates.io/assets/crates-io.d41d8cd98f00b204e9800998ecf8427e.css → 200 (?ms, ?B)
[2026-03-28T10:29:33.405Z] GET https://code.cdn.mozilla.net/fonts/fira.css → 200 (?ms, 7379B)
[2026-03-28T10:29:33.406Z] GET https://crates.io/assets/chunk.d6ccd009d432a4461eab.css → 200 (?ms, 123620B)
[2026-03-28T10:29:33.406Z] GET https://crates.io/assets/vendor.5fee0add436ceb6bf732dbea4738390d.js → 200 (?ms, 4670B)
[2026-03-28T10:29:33.406Z] GET https://crates.io/assets/chunk.d6ccd009d432a4461eab.js → 200 (?ms, 1474292B)
[2026-03-28T10:29:33.406Z] GET https://crates.io/assets/chunk.0e2b1977c780325d1068.js → 200 (?ms, 7677B)
[2026-03-28T10:29:33.411Z] GET https://code.cdn.mozilla.net/fonts/woff/FiraSans-Regular.woff → 200 (?ms, ?B)
[2026-03-28T10:29:33.411Z] GET https://code.cdn.mozilla.net/fonts/woff/FiraSans-Italic.woff → 200 (?ms, ?B)
[2026-03-28T10:29:33.411Z] GET https://code.cdn.mozilla.net/fonts/woff/FiraSans-Medium.woff → 200 (?ms, ?B)
[2026-03-28T10:29:33.411Z] GET https://code.cdn.mozilla.net/fonts/woff/FiraSans-Bold.woff → 200 (?ms, ?B)
[2026-03-28T10:29:33.411Z] GET https://code.cdn.mozilla.net/fonts/woff/FiraMono-Regular.woff → 200 (?ms, ?B)
[2026-03-28T10:29:33.411Z] GET https://code.cdn.mozilla.net/fonts/woff/FiraMono-Bold.woff → 200 (1ms, ?B)
[2026-03-28T10:29:33.445Z] GET https://crates.io/api/v1/crates/jsondiffpatch?include=keywords%2Ccategories%2Cdownloads%2Cdefault_version → 200 (149ms, 3258B)
[2026-03-28T10:29:33.620Z] GET https://crates.io/api/v1/crates/jsondiffpatch/owner_user → pending (?ms, ?B)
[2026-03-28T10:29:33.620Z] GET https://crates.io/assets/cargo.png → 200 (?ms, 60046B)
[2026-03-28T10:29:33.620Z] GET https://crates.io/api/v1/crates/jsondiffpatch/0.1.0/readme → pending (?ms, ?B)
[2026-03-28T10:29:33.620Z] GET https://docs.rs/crate/jsondiffpatch/0.1.0/status.json → pending (?ms, ?B)
[2026-03-28T10:29:33.620Z] GET https://play.rust-lang.org/meta/crates → 200 (1ms, 27416B)
[2026-03-28T10:29:33.620Z] GET https://crates.io/assets/chunk.75937c9d8a4c729ab36b.js → 200 (?ms, 199897B)
[2026-03-28T10:29:33.620Z] GET https://crates.io/api/v1/crates/jsondiffpatch/downloads?include=versions → pending (?ms, ?B)
[2026-03-28T10:29:33.620Z] GET https://crates.io/api/v1/crates/jsondiffpatch/owner_team → pending (?ms, ?B)
[2026-03-28T10:29:33.846Z] GET https://static.crates.io/readmes/jsondiffpatch/jsondiffpatch-0.1.0.html → 200 (508ms, 10905B)
[2026-03-28T10:29:34.045Z] GET https://avatars.githubusercontent.com/u/22362177?v=4&s=64 → 200 (131ms, 2044B)
[2026-03-28T10:29:34.446Z] GET https://crates.io/api/v1/site_metadata → 200 (134ms, 151B)
[2026-03-28T10:29:51.967Z] GET https://crates.io/crates/assert-json-diff → 200 (153ms, 3475B)
[2026-03-28T10:29:52.124Z] GET https://crates.io/assets/crates-io.d41d8cd98f00b204e9800998ecf8427e.css → 200 (1ms, ?B)
[2026-03-28T10:29:52.125Z] GET https://code.cdn.mozilla.net/fonts/fira.css → 200 (?ms, 7379B)
[2026-03-28T10:29:52.125Z] GET https://crates.io/assets/chunk.d6ccd009d432a4461eab.css → 200 (?ms, 123620B)
[2026-03-28T10:29:52.125Z] GET https://crates.io/assets/vendor.5fee0add436ceb6bf732dbea4738390d.js → 200 (?ms, 4670B)
[2026-03-28T10:29:52.125Z] GET https://crates.io/assets/chunk.d6ccd009d432a4461eab.js → 200 (?ms, 1474292B)
[2026-03-28T10:29:52.125Z] GET https://crates.io/assets/chunk.0e2b1977c780325d1068.js → 200 (1ms, 7677B)
[2026-03-28T10:29:52.130Z] GET https://code.cdn.mozilla.net/fonts/woff/FiraSans-Regular.woff → 200 (?ms, ?B)
[2026-03-28T10:29:52.130Z] GET https://code.cdn.mozilla.net/fonts/woff/FiraSans-Italic.woff → 200 (?ms, ?B)
[2026-03-28T10:29:52.130Z] GET https://code.cdn.mozilla.net/fonts/woff/FiraSans-Medium.woff → 200 (?ms, ?B)
[2026-03-28T10:29:52.130Z] GET https://code.cdn.mozilla.net/fonts/woff/FiraSans-Bold.woff → 200 (?ms, ?B)
[2026-03-28T10:29:52.130Z] GET https://code.cdn.mozilla.net/fonts/woff/FiraMono-Regular.woff → 200 (?ms, ?B)
[2026-03-28T10:29:52.130Z] GET https://code.cdn.mozilla.net/fonts/woff/FiraMono-Bold.woff → 200 (1ms, ?B)
[2026-03-28T10:29:52.163Z] GET https://crates.io/api/v1/crates/assert-json-diff?include=keywords%2Ccategories%2Cdownloads%2Cdefault_version → 200 (150ms, ?B)
[2026-03-28T10:29:52.225Z] GET https://crates.io/crates/genson-rs → 200 (128ms, 3468B)
[2026-03-28T10:29:52.336Z] GET https://crates.io/api/v1/crates/assert-json-diff/owner_user → pending (?ms, ?B)
[2026-03-28T10:29:52.336Z] GET https://crates.io/assets/cargo.png → 200 (?ms, ?B)
[2026-03-28T10:29:52.337Z] GET https://crates.io/api/v1/crates/assert-json-diff/2.0.2/readme → pending (?ms, ?B)
[2026-03-28T10:29:52.337Z] GET https://docs.rs/crate/assert-json-diff/2.0.2/status.json → pending (?ms, ?B)
[2026-03-28T10:29:52.337Z] GET https://play.rust-lang.org/meta/crates → 200 (?ms, ?B)
[2026-03-28T10:29:52.337Z] GET https://crates.io/assets/chunk.75937c9d8a4c729ab36b.js → 200 (?ms, ?B)
[2026-03-28T10:29:52.337Z] GET https://crates.io/api/v1/crates/assert-json-diff/downloads?include=versions → pending (?ms, ?B)
[2026-03-28T10:29:52.337Z] GET https://crates.io/api/v1/crates/assert-json-diff/owner_team → pending (?ms, ?B)
[2026-03-28T10:29:52.357Z] GET https://crates.io/assets/crates-io.d41d8cd98f00b204e9800998ecf8427e.css → 200 (?ms, ?B)
[2026-03-28T10:29:52.357Z] GET https://code.cdn.mozilla.net/fonts/fira.css → 200 (?ms, 7379B)
[2026-03-28T10:29:52.357Z] GET https://crates.io/assets/chunk.d6ccd009d432a4461eab.css → 200 (?ms, 123620B)
[2026-03-28T10:29:52.357Z] GET https://crates.io/assets/vendor.5fee0add436ceb6bf732dbea4738390d.js → 200 (?ms, 4670B)
[2026-03-28T10:29:52.357Z] GET https://crates.io/assets/chunk.d6ccd009d432a4461eab.js → 200 (1ms, 1474292B)
[2026-03-28T10:29:52.358Z] GET https://crates.io/assets/chunk.0e2b1977c780325d1068.js → 200 (?ms, 7677B)
[2026-03-28T10:29:52.388Z] GET https://crates.io/api/v1/crates/genson-rs?include=keywords%2Ccategories%2Cdownloads%2Cdefault_version → pending (?ms, ?B)
[2026-03-28T10:29:52.389Z] GET https://code.cdn.mozilla.net/fonts/woff/FiraSans-Regular.woff → 200 (?ms, ?B)
[2026-03-28T10:29:52.389Z] GET https://code.cdn.mozilla.net/fonts/woff/FiraSans-Italic.woff → 200 (?ms, ?B)
[2026-03-28T10:29:52.389Z] GET https://code.cdn.mozilla.net/fonts/woff/FiraSans-Medium.woff → 200 (?ms, ?B)
[2026-03-28T10:29:52.389Z] GET https://code.cdn.mozilla.net/fonts/woff/FiraSans-Bold.woff → 200 (?ms, ?B)
[2026-03-28T10:29:52.389Z] GET https://code.cdn.mozilla.net/fonts/woff/FiraMono-Regular.woff → 200 (?ms, ?B)
[2026-03-28T10:29:52.389Z] GET https://code.cdn.mozilla.net/fonts/woff/FiraMono-Bold.woff → 200 (?ms, ?B)
[2026-03-28T10:29:52.445Z] GET https://crates.io/crates/infers-jsonschema → 200 (149ms, 3476B)
[2026-03-28T10:29:52.611Z] GET https://crates.io/assets/cargo.png → 200 (?ms, ?B)
[2026-03-28T10:29:52.612Z] GET https://crates.io/assets/crates-io.d41d8cd98f00b204e9800998ecf8427e.css → 200 (1ms, ?B)
[2026-03-28T10:29:52.613Z] GET https://code.cdn.mozilla.net/fonts/fira.css → 200 (?ms, 7379B)
[2026-03-28T10:29:52.613Z] GET https://crates.io/assets/chunk.d6ccd009d432a4461eab.css → 200 (?ms, 123620B)
[2026-03-28T10:29:52.613Z] GET https://crates.io/assets/vendor.5fee0add436ceb6bf732dbea4738390d.js → 200 (?ms, 4670B)
[2026-03-28T10:29:52.613Z] GET https://crates.io/assets/chunk.d6ccd009d432a4461eab.js → 200 (?ms, 1474292B)
[2026-03-28T10:29:52.613Z] GET https://crates.io/assets/chunk.0e2b1977c780325d1068.js → 200 (?ms, 7677B)
[2026-03-28T10:29:52.617Z] GET https://code.cdn.mozilla.net/fonts/woff/FiraSans-Regular.woff → 200 (?ms, ?B)
[2026-03-28T10:29:52.618Z] GET https://code.cdn.mozilla.net/fonts/woff/FiraSans-Italic.woff → 200 (?ms, ?B)
[2026-03-28T10:29:52.618Z] GET https://code.cdn.mozilla.net/fonts/woff/FiraSans-Medium.woff → 200 (?ms, ?B)
[2026-03-28T10:29:52.618Z] GET https://code.cdn.mozilla.net/fonts/woff/FiraSans-Bold.woff → 200 (?ms, ?B)
[2026-03-28T10:29:52.618Z] GET https://code.cdn.mozilla.net/fonts/woff/FiraMono-Regular.woff → 200 (?ms, ?B)
[2026-03-28T10:29:52.618Z] GET https://code.cdn.mozilla.net/fonts/woff/FiraMono-Bold.woff → 200 (?ms, ?B)
[2026-03-28T10:29:52.650Z] GET https://crates.io/api/v1/crates/infers-jsonschema?include=keywords%2Ccategories%2Cdownloads%2Cdefault_version → pending (?ms, ?B)
[2026-03-28T10:29:52.708Z] GET https://crates.io/crates/json-schema-generator → pending (?ms, ?B)
[2026-03-28T10:29:52.889Z] GET https://crates.io/api/v1/crates/infers-jsonschema/owner_user → pending (?ms, ?B)
[2026-03-28T10:29:52.889Z] GET https://crates.io/assets/cargo.png → 200 (?ms, ?B)
[2026-03-28T10:29:52.890Z] GET https://crates.io/api/v1/crates/infers-jsonschema/0.1.0/readme → pending (?ms, ?B)
[2026-03-28T10:29:52.890Z] GET https://docs.rs/crate/infers-jsonschema/0.1.0/status.json → pending (?ms, ?B)
[2026-03-28T10:29:52.890Z] GET https://play.rust-lang.org/meta/crates → pending (?ms, ?B)
[2026-03-28T10:29:52.890Z] GET https://crates.io/assets/chunk.75937c9d8a4c729ab36b.js → 200 (?ms, ?B)
[2026-03-28T10:29:52.890Z] GET https://crates.io/api/v1/crates/infers-jsonschema/downloads?include=versions → pending (?ms, ?B)
[2026-03-28T10:29:52.890Z] GET https://crates.io/api/v1/crates/infers-jsonschema/owner_team → pending (?ms, ?B)
[2026-03-28T10:29:52.892Z] GET https://crates.io/assets/crates-io.d41d8cd98f00b204e9800998ecf8427e.css → 200 (?ms, ?B)
[2026-03-28T10:29:52.892Z] GET https://code.cdn.mozilla.net/fonts/fira.css → 200 (?ms, 7379B)
[2026-03-28T10:29:52.892Z] GET https://crates.io/assets/chunk.d6ccd009d432a4461eab.css → 200 (?ms, 123620B)
[2026-03-28T10:29:52.893Z] GET https://crates.io/assets/vendor.5fee0add436ceb6bf732dbea4738390d.js → 200 (?ms, 4670B)
[2026-03-28T10:29:52.893Z] GET https://crates.io/assets/chunk.d6ccd009d432a4461eab.js → 200 (?ms, 1474292B)
[2026-03-28T10:29:52.893Z] GET https://crates.io/assets/chunk.0e2b1977c780325d1068.js → 200 (?ms, 7677B)
[2026-03-28T10:29:52.897Z] GET https://code.cdn.mozilla.net/fonts/woff/FiraSans-Regular.woff → 200 (?ms, ?B)
[2026-03-28T10:29:52.897Z] GET https://code.cdn.mozilla.net/fonts/woff/FiraSans-Italic.woff → 200 (?ms, ?B)
[2026-03-28T10:29:52.897Z] GET https://code.cdn.mozilla.net/fonts/woff/FiraSans-Medium.woff → 200 (?ms, ?B)
[2026-03-28T10:29:52.897Z] GET https://code.cdn.mozilla.net/fonts/woff/FiraSans-Bold.woff → 200 (?ms, ?B)
[2026-03-28T10:29:52.897Z] GET https://code.cdn.mozilla.net/fonts/woff/FiraMono-Regular.woff → 200 (?ms, ?B)
[2026-03-28T10:29:52.897Z] GET https://code.cdn.mozilla.net/fonts/woff/FiraMono-Bold.woff → 200 (?ms, ?B)
[2026-03-28T10:29:52.926Z] GET https://crates.io/api/v1/crates/json-schema-generator?include=keywords%2Ccategories%2Cdownloads%2Cdefault_version → 200 (150ms, ?B)
[2026-03-28T10:29:52.984Z] GET https://crates.io/crates/schemaui → 200 (161ms, 3467B)
[2026-03-28T10:29:53.099Z] GET https://crates.io/api/v1/crates/json-schema-generator/owner_user → pending (?ms, ?B)
[2026-03-28T10:29:53.100Z] GET https://crates.io/assets/cargo.png → 200 (?ms, ?B)
[2026-03-28T10:29:53.100Z] GET https://crates.io/api/v1/crates/json-schema-generator/0.1.1/readme → pending (?ms, ?B)
[2026-03-28T10:29:53.100Z] GET https://docs.rs/crate/json-schema-generator/0.1.1/status.json → pending (?ms, ?B)
[2026-03-28T10:29:53.100Z] GET https://play.rust-lang.org/meta/crates → 200 (1ms, ?B)
[2026-03-28T10:29:53.100Z] GET https://crates.io/assets/chunk.75937c9d8a4c729ab36b.js → 200 (?ms, ?B)
[2026-03-28T10:29:53.100Z] GET https://crates.io/api/v1/crates/json-schema-generator/downloads?include=versions → pending (?ms, ?B)
[2026-03-28T10:29:53.100Z] GET https://crates.io/api/v1/crates/json-schema-generator/owner_team → pending (?ms, ?B)
[2026-03-28T10:29:53.150Z] GET https://crates.io/assets/crates-io.d41d8cd98f00b204e9800998ecf8427e.css → 200 (?ms, ?B)
[2026-03-28T10:29:53.150Z] GET https://code.cdn.mozilla.net/fonts/fira.css → 200 (?ms, 7379B)
[2026-03-28T10:29:53.150Z] GET https://crates.io/assets/chunk.d6ccd009d432a4461eab.css → 200 (?ms, 123620B)
[2026-03-28T10:29:53.150Z] GET https://crates.io/assets/vendor.5fee0add436ceb6bf732dbea4738390d.js → 200 (?ms, 4670B)
[2026-03-28T10:29:53.150Z] GET https://crates.io/assets/chunk.d6ccd009d432a4461eab.js → 200 (1ms, 1474292B)
[2026-03-28T10:29:53.151Z] GET https://crates.io/assets/chunk.0e2b1977c780325d1068.js → 200 (?ms, 7677B)
[2026-03-28T10:29:53.183Z] GET https://code.cdn.mozilla.net/fonts/woff/FiraSans-Regular.woff → 200 (?ms, ?B)
[2026-03-28T10:29:53.183Z] GET https://code.cdn.mozilla.net/fonts/woff/FiraSans-Italic.woff → 200 (?ms, ?B)
[2026-03-28T10:29:53.183Z] GET https://code.cdn.mozilla.net/fonts/woff/FiraSans-Medium.woff → 200 (?ms, ?B)
[2026-03-28T10:29:53.183Z] GET https://code.cdn.mozilla.net/fonts/woff/FiraSans-Bold.woff → 200 (?ms, ?B)
[2026-03-28T10:29:53.183Z] GET https://code.cdn.mozilla.net/fonts/woff/FiraMono-Regular.woff → 200 (?ms, ?B)
[2026-03-28T10:29:53.183Z] GET https://code.cdn.mozilla.net/fonts/woff/FiraMono-Bold.woff → 200 (?ms, ?B)
[2026-03-28T10:29:53.184Z] GET https://crates.io/api/v1/crates/schemaui?include=keywords%2Ccategories%2Cdownloads%2Cdefault_version → 200 (147ms, ?B)
[2026-03-28T10:29:53.241Z] GET https://crates.io/crates/typify → 200 (129ms, 3465B)
[2026-03-28T10:29:53.355Z] GET https://crates.io/api/v1/crates/schemaui/owner_user → pending (?ms, ?B)
[2026-03-28T10:29:53.355Z] GET https://crates.io/assets/cargo.png → 200 (?ms, ?B)
[2026-03-28T10:29:53.355Z] GET https://crates.io/api/v1/crates/schemaui/0.4.3/readme → pending (?ms, ?B)
[2026-03-28T10:29:53.355Z] GET https://docs.rs/crate/schemaui/0.4.3/status.json → pending (?ms, ?B)
[2026-03-28T10:29:53.355Z] GET https://play.rust-lang.org/meta/crates → 200 (1ms, ?B)
[2026-03-28T10:29:53.355Z] GET https://crates.io/assets/chunk.75937c9d8a4c729ab36b.js → 200 (1ms, ?B)
[2026-03-28T10:29:53.356Z] GET https://crates.io/api/v1/crates/schemaui/downloads?include=versions → pending (?ms, ?B)
[2026-03-28T10:29:53.356Z] GET https://crates.io/api/v1/crates/schemaui/owner_team → pending (?ms, ?B)
[2026-03-28T10:29:53.374Z] GET https://crates.io/assets/crates-io.d41d8cd98f00b204e9800998ecf8427e.css → 200 (1ms, ?B)
[2026-03-28T10:29:53.375Z] GET https://code.cdn.mozilla.net/fonts/fira.css → 200 (?ms, 7379B)
[2026-03-28T10:29:53.375Z] GET https://crates.io/assets/chunk.d6ccd009d432a4461eab.css → 200 (?ms, 123620B)
[2026-03-28T10:29:53.375Z] GET https://crates.io/assets/vendor.5fee0add436ceb6bf732dbea4738390d.js → 200 (?ms, 4670B)
[2026-03-28T10:29:53.375Z] GET https://crates.io/assets/chunk.d6ccd009d432a4461eab.js → 200 (?ms, 1474292B)
[2026-03-28T10:29:53.375Z] GET https://crates.io/assets/chunk.0e2b1977c780325d1068.js → 200 (?ms, 7677B)
[2026-03-28T10:29:53.405Z] GET https://code.cdn.mozilla.net/fonts/woff/FiraSans-Regular.woff → 200 (?ms, ?B)
[2026-03-28T10:29:53.405Z] GET https://code.cdn.mozilla.net/fonts/woff/FiraSans-Italic.woff → 200 (?ms, ?B)
[2026-03-28T10:29:53.405Z] GET https://code.cdn.mozilla.net/fonts/woff/FiraSans-Medium.woff → 200 (1ms, ?B)
[2026-03-28T10:29:53.406Z] GET https://code.cdn.mozilla.net/fonts/woff/FiraSans-Bold.woff → 200 (?ms, ?B)
[2026-03-28T10:29:53.406Z] GET https://code.cdn.mozilla.net/fonts/woff/FiraMono-Regular.woff → 200 (?ms, ?B)
[2026-03-28T10:29:53.406Z] GET https://code.cdn.mozilla.net/fonts/woff/FiraMono-Bold.woff → 200 (?ms, ?B)
[2026-03-28T10:29:53.406Z] GET https://crates.io/api/v1/crates/typify?include=keywords%2Ccategories%2Cdownloads%2Cdefault_version → 200 (155ms, ?B)
[2026-03-28T10:29:53.463Z] GET https://crates.io/crates/serde_json_diff → 200 (157ms, 3474B)
[2026-03-28T10:29:53.584Z] GET https://crates.io/api/v1/crates/typify/owner_user → pending (?ms, ?B)
[2026-03-28T10:29:53.585Z] GET https://crates.io/assets/cargo.png → 200 (?ms, ?B)
[2026-03-28T10:29:53.585Z] GET https://crates.io/api/v1/crates/typify/0.6.1/readme → pending (?ms, ?B)
[2026-03-28T10:29:53.585Z] GET https://docs.rs/crate/typify/0.6.1/status.json → pending (?ms, ?B)
[2026-03-28T10:29:53.585Z] GET https://play.rust-lang.org/meta/crates → 200 (1ms, ?B)
[2026-03-28T10:29:53.585Z] GET https://crates.io/assets/chunk.75937c9d8a4c729ab36b.js → 200 (?ms, ?B)
[2026-03-28T10:29:53.585Z] GET https://crates.io/api/v1/crates/typify/downloads?include=versions → pending (?ms, ?B)
[2026-03-28T10:29:53.585Z] GET https://crates.io/api/v1/crates/typify/owner_team → pending (?ms, ?B)
[2026-03-28T10:29:53.623Z] GET https://crates.io/assets/crates-io.d41d8cd98f00b204e9800998ecf8427e.css → 200 (?ms, ?B)
[2026-03-28T10:29:53.624Z] GET https://code.cdn.mozilla.net/fonts/fira.css → 200 (?ms, 7379B)
[2026-03-28T10:29:53.624Z] GET https://crates.io/assets/chunk.d6ccd009d432a4461eab.css → 200 (?ms, 123620B)
[2026-03-28T10:29:53.624Z] GET https://crates.io/assets/vendor.5fee0add436ceb6bf732dbea4738390d.js → 200 (?ms, 4670B)
[2026-03-28T10:29:53.624Z] GET https://crates.io/assets/chunk.d6ccd009d432a4461eab.js → 200 (?ms, 1474292B)
[2026-03-28T10:29:53.624Z] GET https://crates.io/assets/chunk.0e2b1977c780325d1068.js → 200 (?ms, 7677B)
[2026-03-28T10:29:53.655Z] GET https://crates.io/api/v1/crates/serde_json_diff?include=keywords%2Ccategories%2Cdownloads%2Cdefault_version → pending (?ms, ?B)
[2026-03-28T10:29:53.655Z] GET https://code.cdn.mozilla.net/fonts/woff/FiraSans-Regular.woff → 200 (?ms, ?B)
[2026-03-28T10:29:53.655Z] GET https://code.cdn.mozilla.net/fonts/woff/FiraSans-Italic.woff → 200 (?ms, ?B)
[2026-03-28T10:29:53.655Z] GET https://code.cdn.mozilla.net/fonts/woff/FiraSans-Medium.woff → 200 (1ms, ?B)
[2026-03-28T10:29:53.656Z] GET https://code.cdn.mozilla.net/fonts/woff/FiraSans-Bold.woff → 200 (?ms, ?B)
[2026-03-28T10:29:53.656Z] GET https://code.cdn.mozilla.net/fonts/woff/FiraMono-Regular.woff → 200 (?ms, ?B)
[2026-03-28T10:29:53.656Z] GET https://code.cdn.mozilla.net/fonts/woff/FiraMono-Bold.woff → 200 (?ms, ?B)
[2026-03-28T10:29:53.712Z] GET https://crates.io/crates/json_diff_ng → pending (?ms, ?B)
[2026-03-28T10:29:53.823Z] GET https://crates.io/api/v1/crates/serde_json_diff/owner_user → pending (?ms, ?B)
[2026-03-28T10:29:53.823Z] GET https://crates.io/assets/cargo.png → 200 (?ms, ?B)
[2026-03-28T10:29:53.823Z] GET https://crates.io/api/v1/crates/serde_json_diff/0.2.0/readme → pending (?ms, ?B)
[2026-03-28T10:29:53.823Z] GET https://docs.rs/crate/serde_json_diff/0.2.0/status.json → pending (?ms, ?B)
[2026-03-28T10:29:53.823Z] GET https://play.rust-lang.org/meta/crates → 200 (1ms, ?B)
[2026-03-28T10:29:53.824Z] GET https://crates.io/assets/chunk.75937c9d8a4c729ab36b.js → 200 (?ms, ?B)
[2026-03-28T10:29:53.824Z] GET https://crates.io/api/v1/crates/serde_json_diff/downloads?include=versions → pending (?ms, ?B)
[2026-03-28T10:29:53.824Z] GET https://crates.io/api/v1/crates/serde_json_diff/owner_team → pending (?ms, ?B)
[2026-03-28T10:29:53.846Z] GET https://crates.io/assets/crates-io.d41d8cd98f00b204e9800998ecf8427e.css → 200 (?ms, ?B)
[2026-03-28T10:29:53.846Z] GET https://code.cdn.mozilla.net/fonts/fira.css → 200 (?ms, 7379B)
[2026-03-28T10:29:53.846Z] GET https://crates.io/assets/chunk.d6ccd009d432a4461eab.css → 200 (?ms, 123620B)
[2026-03-28T10:29:53.846Z] GET https://crates.io/assets/vendor.5fee0add436ceb6bf732dbea4738390d.js → 200 (?ms, 4670B)
[2026-03-28T10:29:53.846Z] GET https://crates.io/assets/chunk.d6ccd009d432a4461eab.js → 200 (1ms, 1474292B)
[2026-03-28T10:29:53.847Z] GET https://crates.io/assets/chunk.0e2b1977c780325d1068.js → 200 (?ms, 7677B)
[2026-03-28T10:29:53.877Z] GET https://crates.io/api/v1/crates/json_diff_ng?include=keywords%2Ccategories%2Cdownloads%2Cdefault_version → pending (?ms, ?B)
[2026-03-28T10:29:53.878Z] GET https://code.cdn.mozilla.net/fonts/woff/FiraSans-Regular.woff → 200 (?ms, ?B)
[2026-03-28T10:29:53.878Z] GET https://code.cdn.mozilla.net/fonts/woff/FiraSans-Italic.woff → 200 (?ms, ?B)
[2026-03-28T10:29:53.878Z] GET https://code.cdn.mozilla.net/fonts/woff/FiraSans-Medium.woff → 200 (?ms, ?B)
[2026-03-28T10:29:53.878Z] GET https://code.cdn.mozilla.net/fonts/woff/FiraSans-Bold.woff → 200 (?ms, ?B)
[2026-03-28T10:29:53.878Z] GET https://code.cdn.mozilla.net/fonts/woff/FiraMono-Regular.woff → 200 (?ms, ?B)
[2026-03-28T10:29:53.878Z] GET https://code.cdn.mozilla.net/fonts/woff/FiraMono-Bold.woff → 200 (1ms, ?B)
[2026-03-28T10:29:53.933Z] GET https://crates.io/crates/jsonschema-valid → 200 (150ms, 3475B)
[2026-03-28T10:29:54.099Z] GET https://crates.io/assets/cargo.png → 200 (?ms, ?B)
[2026-03-28T10:29:54.100Z] GET https://crates.io/assets/crates-io.d41d8cd98f00b204e9800998ecf8427e.css → 200 (1ms, ?B)
[2026-03-28T10:29:54.101Z] GET https://code.cdn.mozilla.net/fonts/fira.css → 200 (?ms, 7379B)
[2026-03-28T10:29:54.101Z] GET https://crates.io/assets/chunk.d6ccd009d432a4461eab.css → 200 (?ms, 123620B)
[2026-03-28T10:29:54.101Z] GET https://crates.io/assets/vendor.5fee0add436ceb6bf732dbea4738390d.js → 200 (?ms, 4670B)
[2026-03-28T10:29:54.101Z] GET https://crates.io/assets/chunk.d6ccd009d432a4461eab.js → 200 (?ms, 1474292B)
[2026-03-28T10:29:54.101Z] GET https://crates.io/assets/chunk.0e2b1977c780325d1068.js → 200 (?ms, 7677B)
[2026-03-28T10:29:54.106Z] GET https://code.cdn.mozilla.net/fonts/woff/FiraSans-Regular.woff → 200 (?ms, ?B)
[2026-03-28T10:29:54.106Z] GET https://code.cdn.mozilla.net/fonts/woff/FiraSans-Italic.woff → 200 (?ms, ?B)
[2026-03-28T10:29:54.106Z] GET https://code.cdn.mozilla.net/fonts/woff/FiraSans-Medium.woff → 200 (?ms, ?B)
[2026-03-28T10:29:54.106Z] GET https://code.cdn.mozilla.net/fonts/woff/FiraSans-Bold.woff → 200 (?ms, ?B)
[2026-03-28T10:29:54.106Z] GET https://code.cdn.mozilla.net/fonts/woff/FiraMono-Regular.woff → 200 (1ms, ?B)
[2026-03-28T10:29:54.107Z] GET https://code.cdn.mozilla.net/fonts/woff/FiraMono-Bold.woff → 200 (?ms, ?B)
[2026-03-28T10:29:54.137Z] GET https://crates.io/api/v1/crates/jsonschema-valid?include=keywords%2Ccategories%2Cdownloads%2Cdefault_version → 200 (150ms, 2578B)
[2026-03-28T10:29:54.310Z] GET https://crates.io/api/v1/crates/jsonschema-valid/owner_user → 200 (145ms, 515B)
[2026-03-28T10:29:54.310Z] GET https://crates.io/assets/cargo.png → 200 (?ms, 60046B)
[2026-03-28T10:29:54.310Z] GET https://crates.io/api/v1/crates/jsonschema-valid/0.5.2/readme → 302 (148ms, ?B)
[2026-03-28T10:29:54.310Z] GET https://docs.rs/crate/jsonschema-valid/0.5.2/status.json → 200 (164ms, 37B)
[2026-03-28T10:29:54.310Z] GET https://play.rust-lang.org/meta/crates → 200 (1ms, 27416B)
[2026-03-28T10:29:54.310Z] GET https://crates.io/assets/chunk.75937c9d8a4c729ab36b.js → 200 (?ms, 199897B)
[2026-03-28T10:29:54.310Z] GET https://crates.io/api/v1/crates/jsonschema-valid/downloads?include=versions → 200 (212ms, 25264B)
[2026-03-28T10:29:54.310Z] GET https://crates.io/api/v1/crates/jsonschema-valid/owner_team → 200 (152ms, 12B)
[2026-03-28T10:29:54.458Z] GET https://static.crates.io/readmes/jsonschema-valid/jsonschema-valid-0.5.2.html → pending (?ms, ?B)
[2026-03-28T10:29:54.465Z] GET https://avatars.githubusercontent.com/u/2129?v=4&s=64 → 200 (20ms, 1974B)
[2026-03-28T10:29:54.465Z] GET https://avatars3.githubusercontent.com/u/38294?v=4&s=64 → 200 (202ms, 1288B)
[2026-03-28T10:29:54.465Z] GET https://avatars1.githubusercontent.com/u/883721?v=4&s=64 → 200 (159ms, 2201B)
[2026-03-28T10:29:55.142Z] GET https://crates.io/api/v1/site_metadata → 200 (150ms, 151B)
[2026-03-28T10:30:01.694Z] GET https://crates.io/crates/assert-json-diff → pending (?ms, ?B)
[2026-03-28T10:30:01.855Z] GET https://crates.io/assets/crates-io.d41d8cd98f00b204e9800998ecf8427e.css → 200 (?ms, ?B)
[2026-03-28T10:30:01.855Z] GET https://code.cdn.mozilla.net/fonts/fira.css → 200 (?ms, 7379B)
[2026-03-28T10:30:01.856Z] GET https://crates.io/assets/chunk.d6ccd009d432a4461eab.css → 200 (?ms, 123620B)
[2026-03-28T10:30:01.856Z] GET https://crates.io/assets/vendor.5fee0add436ceb6bf732dbea4738390d.js → 200 (?ms, 4670B)
[2026-03-28T10:30:01.856Z] GET https://crates.io/assets/chunk.d6ccd009d432a4461eab.js → 200 (?ms, 1474292B)
[2026-03-28T10:30:01.856Z] GET https://crates.io/assets/chunk.0e2b1977c780325d1068.js → 200 (?ms, 7677B)
[2026-03-28T10:30:01.862Z] GET https://code.cdn.mozilla.net/fonts/woff/FiraSans-Regular.woff → 200 (?ms, ?B)
[2026-03-28T10:30:01.862Z] GET https://code.cdn.mozilla.net/fonts/woff/FiraSans-Italic.woff → 200 (?ms, ?B)
[2026-03-28T10:30:01.862Z] GET https://code.cdn.mozilla.net/fonts/woff/FiraSans-Medium.woff → 200 (1ms, ?B)
[2026-03-28T10:30:01.863Z] GET https://code.cdn.mozilla.net/fonts/woff/FiraSans-Bold.woff → 200 (?ms, ?B)
[2026-03-28T10:30:01.863Z] GET https://code.cdn.mozilla.net/fonts/woff/FiraMono-Regular.woff → 200 (?ms, ?B)
[2026-03-28T10:30:01.863Z] GET https://code.cdn.mozilla.net/fonts/woff/FiraMono-Bold.woff → 200 (?ms, ?B)
[2026-03-28T10:30:01.888Z] GET https://crates.io/api/v1/crates/assert-json-diff?include=keywords%2Ccategories%2Cdownloads%2Cdefault_version → 200 (146ms, ?B)
[2026-03-28T10:30:02.002Z] GET https://crates.io/crates/genson-rs → 200 (129ms, 3468B)
[2026-03-28T10:30:02.054Z] GET https://crates.io/api/v1/crates/assert-json-diff/owner_user → pending (?ms, ?B)
[2026-03-28T10:30:02.054Z] GET https://crates.io/assets/cargo.png → 200 (?ms, ?B)
[2026-03-28T10:30:02.054Z] GET https://crates.io/api/v1/crates/assert-json-diff/2.0.2/readme → pending (?ms, ?B)
[2026-03-28T10:30:02.054Z] GET https://docs.rs/crate/assert-json-diff/2.0.2/status.json → pending (?ms, ?B)
[2026-03-28T10:30:02.054Z] GET https://play.rust-lang.org/meta/crates → 200 (1ms, ?B)
[2026-03-28T10:30:02.054Z] GET https://crates.io/assets/chunk.75937c9d8a4c729ab36b.js → 200 (?ms, ?B)
[2026-03-28T10:30:02.054Z] GET https://crates.io/api/v1/crates/assert-json-diff/downloads?include=versions → pending (?ms, ?B)
[2026-03-28T10:30:02.054Z] GET https://crates.io/api/v1/crates/assert-json-diff/owner_team → pending (?ms, ?B)
[2026-03-28T10:30:02.135Z] GET https://crates.io/assets/crates-io.d41d8cd98f00b204e9800998ecf8427e.css → 200 (1ms, ?B)
[2026-03-28T10:30:02.136Z] GET https://code.cdn.mozilla.net/fonts/fira.css → 200 (?ms, 7379B)
[2026-03-28T10:30:02.136Z] GET https://crates.io/assets/chunk.d6ccd009d432a4461eab.css → 200 (?ms, 123620B)
[2026-03-28T10:30:02.136Z] GET https://crates.io/assets/vendor.5fee0add436ceb6bf732dbea4738390d.js → 200 (?ms, 4670B)
[2026-03-28T10:30:02.136Z] GET https://crates.io/assets/chunk.d6ccd009d432a4461eab.js → 200 (1ms, 1474292B)
[2026-03-28T10:30:02.137Z] GET https://crates.io/assets/chunk.0e2b1977c780325d1068.js → 200 (?ms, 7677B)
[2026-03-28T10:30:02.167Z] GET https://crates.io/api/v1/crates/genson-rs?include=keywords%2Ccategories%2Cdownloads%2Cdefault_version → 200 (149ms, ?B)
[2026-03-28T10:30:02.167Z] GET https://code.cdn.mozilla.net/fonts/woff/FiraSans-Regular.woff → 200 (?ms, ?B)
[2026-03-28T10:30:02.167Z] GET https://code.cdn.mozilla.net/fonts/woff/FiraSans-Italic.woff → 200 (?ms, ?B)
[2026-03-28T10:30:02.167Z] GET https://code.cdn.mozilla.net/fonts/woff/FiraSans-Medium.woff → 200 (?ms, ?B)
[2026-03-28T10:30:02.167Z] GET https://code.cdn.mozilla.net/fonts/woff/FiraSans-Bold.woff → 200 (?ms, ?B)
[2026-03-28T10:30:02.167Z] GET https://code.cdn.mozilla.net/fonts/woff/FiraMono-Regular.woff → 200 (1ms, ?B)
[2026-03-28T10:30:02.168Z] GET https://code.cdn.mozilla.net/fonts/woff/FiraMono-Bold.woff → 200 (?ms, ?B)
[2026-03-28T10:30:02.277Z] GET https://crates.io/crates/infers-jsonschema → 200 (162ms, 3476B)
[2026-03-28T10:30:02.336Z] GET https://crates.io/api/v1/crates/genson-rs/owner_user → pending (?ms, ?B)
[2026-03-28T10:30:02.336Z] GET https://crates.io/assets/cargo.png → 200 (?ms, ?B)
[2026-03-28T10:30:02.336Z] GET https://crates.io/api/v1/crates/genson-rs/0.2.0/readme → pending (?ms, ?B)
[2026-03-28T10:30:02.336Z] GET https://docs.rs/crate/genson-rs/0.2.0/status.json → pending (?ms, ?B)
[2026-03-28T10:30:02.336Z] GET https://play.rust-lang.org/meta/crates → 200 (1ms, ?B)
[2026-03-28T10:30:02.336Z] GET https://crates.io/assets/chunk.75937c9d8a4c729ab36b.js → 200 (?ms, ?B)
[2026-03-28T10:30:02.336Z] GET https://crates.io/api/v1/crates/genson-rs/downloads?include=versions → pending (?ms, ?B)
[2026-03-28T10:30:02.336Z] GET https://crates.io/api/v1/crates/genson-rs/owner_team → pending (?ms, ?B)
[2026-03-28T10:30:02.444Z] GET https://crates.io/assets/crates-io.d41d8cd98f00b204e9800998ecf8427e.css → 200 (?ms, ?B)
[2026-03-28T10:30:02.444Z] GET https://code.cdn.mozilla.net/fonts/fira.css → 200 (?ms, 7379B)
[2026-03-28T10:30:02.444Z] GET https://crates.io/assets/chunk.d6ccd009d432a4461eab.css → 200 (?ms, 123620B)
[2026-03-28T10:30:02.444Z] GET https://crates.io/assets/vendor.5fee0add436ceb6bf732dbea4738390d.js → 200 (1ms, 4670B)
[2026-03-28T10:30:02.445Z] GET https://crates.io/assets/chunk.d6ccd009d432a4461eab.js → 200 (?ms, 1474292B)
[2026-03-28T10:30:02.445Z] GET https://crates.io/assets/chunk.0e2b1977c780325d1068.js → 200 (?ms, 7677B)
[2026-03-28T10:30:02.481Z] GET https://crates.io/api/v1/crates/infers-jsonschema?include=keywords%2Ccategories%2Cdownloads%2Cdefault_version → 200 (151ms, ?B)
[2026-03-28T10:30:02.481Z] GET https://code.cdn.mozilla.net/fonts/woff/FiraSans-Regular.woff → 200 (?ms, ?B)
[2026-03-28T10:30:02.481Z] GET https://code.cdn.mozilla.net/fonts/woff/FiraSans-Italic.woff → 200 (?ms, ?B)
[2026-03-28T10:30:02.481Z] GET https://code.cdn.mozilla.net/fonts/woff/FiraSans-Medium.woff → 200 (?ms, ?B)
[2026-03-28T10:30:02.481Z] GET https://code.cdn.mozilla.net/fonts/woff/FiraSans-Bold.woff → 200 (?ms, ?B)
[2026-03-28T10:30:02.482Z] GET https://code.cdn.mozilla.net/fonts/woff/FiraMono-Regular.woff → 200 (?ms, ?B)
[2026-03-28T10:30:02.482Z] GET https://code.cdn.mozilla.net/fonts/woff/FiraMono-Bold.woff → 200 (?ms, ?B)
[2026-03-28T10:30:02.592Z] GET https://crates.io/crates/json-schema-generator → 200 (152ms, ?B)
[2026-03-28T10:30:02.650Z] GET https://crates.io/api/v1/crates/infers-jsonschema/owner_user → pending (?ms, ?B)
[2026-03-28T10:30:02.650Z] GET https://crates.io/assets/cargo.png → 200 (1ms, ?B)
[2026-03-28T10:30:02.651Z] GET https://crates.io/api/v1/crates/infers-jsonschema/0.1.0/readme → pending (?ms, ?B)
[2026-03-28T10:30:02.651Z] GET https://docs.rs/crate/infers-jsonschema/0.1.0/status.json → pending (?ms, ?B)
[2026-03-28T10:30:02.651Z] GET https://play.rust-lang.org/meta/crates → 200 (?ms, ?B)
[2026-03-28T10:30:02.651Z] GET https://crates.io/assets/chunk.75937c9d8a4c729ab36b.js → 200 (?ms, ?B)
[2026-03-28T10:30:02.651Z] GET https://crates.io/api/v1/crates/infers-jsonschema/downloads?include=versions → pending (?ms, ?B)
[2026-03-28T10:30:02.651Z] GET https://crates.io/api/v1/crates/infers-jsonschema/owner_team → pending (?ms, ?B)
[2026-03-28T10:30:02.750Z] GET https://crates.io/assets/crates-io.d41d8cd98f00b204e9800998ecf8427e.css → 200 (?ms, ?B)
[2026-03-28T10:30:02.751Z] GET https://code.cdn.mozilla.net/fonts/fira.css → 200 (?ms, 7379B)
[2026-03-28T10:30:02.751Z] GET https://crates.io/assets/chunk.d6ccd009d432a4461eab.css → 200 (?ms, 123620B)
[2026-03-28T10:30:02.751Z] GET https://crates.io/assets/vendor.5fee0add436ceb6bf732dbea4738390d.js → 200 (?ms, 4670B)
[2026-03-28T10:30:02.751Z] GET https://crates.io/assets/chunk.d6ccd009d432a4461eab.js → 200 (?ms, ?B)
[2026-03-28T10:30:02.751Z] GET https://crates.io/assets/chunk.0e2b1977c780325d1068.js → 200 (1ms, ?B)
[2026-03-28T10:30:02.786Z] GET https://code.cdn.mozilla.net/fonts/woff/FiraSans-Regular.woff → 200 (?ms, ?B)
[2026-03-28T10:30:02.786Z] GET https://code.cdn.mozilla.net/fonts/woff/FiraSans-Italic.woff → 200 (?ms, ?B)
[2026-03-28T10:30:02.786Z] GET https://code.cdn.mozilla.net/fonts/woff/FiraSans-Medium.woff → 200 (?ms, ?B)
[2026-03-28T10:30:02.786Z] GET https://code.cdn.mozilla.net/fonts/woff/FiraSans-Bold.woff → 200 (?ms, ?B)
[2026-03-28T10:30:02.786Z] GET https://code.cdn.mozilla.net/fonts/woff/FiraMono-Regular.woff → 200 (?ms, ?B)
[2026-03-28T10:30:02.786Z] GET https://code.cdn.mozilla.net/fonts/woff/FiraMono-Bold.woff → 200 (?ms, ?B)
[2026-03-28T10:30:02.787Z] GET https://crates.io/api/v1/crates/json-schema-generator?include=keywords%2Ccategories%2Cdownloads%2Cdefault_version → 200 (145ms, ?B)
[2026-03-28T10:30:02.898Z] GET https://crates.io/crates/schemaui → 200 (136ms, 3467B)
[2026-03-28T10:30:02.951Z] GET https://crates.io/api/v1/crates/json-schema-generator/owner_user → pending (?ms, ?B)
[2026-03-28T10:30:02.951Z] GET https://crates.io/assets/cargo.png → 200 (?ms, ?B)
[2026-03-28T10:30:02.951Z] GET https://crates.io/api/v1/crates/json-schema-generator/0.1.1/readme → pending (?ms, ?B)
[2026-03-28T10:30:02.951Z] GET https://docs.rs/crate/json-schema-generator/0.1.1/status.json → pending (?ms, ?B)
[2026-03-28T10:30:02.951Z] GET https://play.rust-lang.org/meta/crates → 200 (1ms, ?B)
[2026-03-28T10:30:02.951Z] GET https://crates.io/assets/chunk.75937c9d8a4c729ab36b.js → 200 (1ms, ?B)
[2026-03-28T10:30:02.952Z] GET https://crates.io/api/v1/crates/json-schema-generator/downloads?include=versions → pending (?ms, ?B)
[2026-03-28T10:30:02.952Z] GET https://crates.io/api/v1/crates/json-schema-generator/owner_team → pending (?ms, ?B)
[2026-03-28T10:30:03.038Z] GET https://crates.io/assets/crates-io.d41d8cd98f00b204e9800998ecf8427e.css → 200 (?ms, ?B)
[2026-03-28T10:30:03.038Z] GET https://code.cdn.mozilla.net/fonts/fira.css → 200 (?ms, 7379B)
[2026-03-28T10:30:03.039Z] GET https://crates.io/assets/chunk.d6ccd009d432a4461eab.css → 200 (?ms, 123620B)
[2026-03-28T10:30:03.039Z] GET https://crates.io/assets/vendor.5fee0add436ceb6bf732dbea4738390d.js → 200 (?ms, 4670B)
[2026-03-28T10:30:03.039Z] GET https://crates.io/assets/chunk.d6ccd009d432a4461eab.js → 200 (?ms, 1474292B)
[2026-03-28T10:30:03.039Z] GET https://crates.io/assets/chunk.0e2b1977c780325d1068.js → 200 (?ms, 7677B)
[2026-03-28T10:30:03.072Z] GET https://crates.io/api/v1/crates/schemaui?include=keywords%2Ccategories%2Cdownloads%2Cdefault_version → 200 (149ms, ?B)
[2026-03-28T10:30:03.073Z] GET https://code.cdn.mozilla.net/fonts/woff/FiraSans-Regular.woff → 200 (?ms, ?B)
[2026-03-28T10:30:03.074Z] GET https://code.cdn.mozilla.net/fonts/woff/FiraSans-Italic.woff → 200 (?ms, ?B)
[2026-03-28T10:30:03.074Z] GET https://code.cdn.mozilla.net/fonts/woff/FiraSans-Medium.woff → 200 (?ms, ?B)
[2026-03-28T10:30:03.074Z] GET https://code.cdn.mozilla.net/fonts/woff/FiraSans-Bold.woff → 200 (?ms, ?B)
[2026-03-28T10:30:03.074Z] GET https://code.cdn.mozilla.net/fonts/woff/FiraMono-Regular.woff → 200 (?ms, ?B)
[2026-03-28T10:30:03.074Z] GET https://code.cdn.mozilla.net/fonts/woff/FiraMono-Bold.woff → 200 (?ms, ?B)
[2026-03-28T10:30:03.183Z] GET https://crates.io/crates/typify → 200 (182ms, 3465B)
[2026-03-28T10:30:03.241Z] GET https://crates.io/api/v1/crates/schemaui/owner_user → pending (?ms, ?B)
[2026-03-28T10:30:03.241Z] GET https://crates.io/assets/cargo.png → 200 (?ms, ?B)
[2026-03-28T10:30:03.241Z] GET https://crates.io/api/v1/crates/schemaui/0.4.3/readme → 302 (124ms, ?B)
[2026-03-28T10:30:03.241Z] GET https://docs.rs/crate/schemaui/0.4.3/status.json → pending (?ms, ?B)
[2026-03-28T10:30:03.241Z] GET https://play.rust-lang.org/meta/crates → 200 (1ms, ?B)
[2026-03-28T10:30:03.241Z] GET https://crates.io/assets/chunk.75937c9d8a4c729ab36b.js → 200 (?ms, ?B)
[2026-03-28T10:30:03.241Z] GET https://crates.io/api/v1/crates/schemaui/downloads?include=versions → pending (?ms, ?B)
[2026-03-28T10:30:03.241Z] GET https://crates.io/api/v1/crates/schemaui/owner_team → pending (?ms, ?B)
[2026-03-28T10:30:03.365Z] GET https://static.crates.io/readmes/schemaui/schemaui-0.4.3.html → pending (?ms, ?B)
[2026-03-28T10:30:03.370Z] GET https://crates.io/assets/crates-io.d41d8cd98f00b204e9800998ecf8427e.css → 200 (?ms, ?B)
[2026-03-28T10:30:03.370Z] GET https://code.cdn.mozilla.net/fonts/fira.css → 200 (?ms, 7379B)
[2026-03-28T10:30:03.371Z] GET https://crates.io/assets/chunk.d6ccd009d432a4461eab.css → 200 (?ms, 123620B)
[2026-03-28T10:30:03.371Z] GET https://crates.io/assets/vendor.5fee0add436ceb6bf732dbea4738390d.js → 200 (?ms, 4670B)
[2026-03-28T10:30:03.371Z] GET https://crates.io/assets/chunk.d6ccd009d432a4461eab.js → 200 (?ms, 1474292B)
[2026-03-28T10:30:03.371Z] GET https://crates.io/assets/chunk.0e2b1977c780325d1068.js → 200 (?ms, 7677B)
[2026-03-28T10:30:03.407Z] GET https://crates.io/api/v1/crates/typify?include=keywords%2Ccategories%2Cdownloads%2Cdefault_version → 200 (148ms, ?B)
[2026-03-28T10:30:03.407Z] GET https://code.cdn.mozilla.net/fonts/woff/FiraSans-Regular.woff → 200 (?ms, ?B)
[2026-03-28T10:30:03.407Z] GET https://code.cdn.mozilla.net/fonts/woff/FiraSans-Italic.woff → 200 (1ms, ?B)
[2026-03-28T10:30:03.408Z] GET https://code.cdn.mozilla.net/fonts/woff/FiraSans-Medium.woff → 200 (?ms, ?B)
[2026-03-28T10:30:03.408Z] GET https://code.cdn.mozilla.net/fonts/woff/FiraSans-Bold.woff → 200 (?ms, ?B)
[2026-03-28T10:30:03.408Z] GET https://code.cdn.mozilla.net/fonts/woff/FiraMono-Regular.woff → 200 (?ms, ?B)
[2026-03-28T10:30:03.408Z] GET https://code.cdn.mozilla.net/fonts/woff/FiraMono-Bold.woff → 200 (?ms, ?B)
[2026-03-28T10:30:03.517Z] GET https://crates.io/crates/serde_json_diff → 200 (155ms, 3474B)
[2026-03-28T10:30:03.575Z] GET https://crates.io/api/v1/crates/typify/owner_user → pending (?ms, ?B)
[2026-03-28T10:30:03.575Z] GET https://crates.io/assets/cargo.png → 200 (?ms, ?B)
[2026-03-28T10:30:03.575Z] GET https://crates.io/api/v1/crates/typify/0.6.1/readme → pending (?ms, ?B)
[2026-03-28T10:30:03.575Z] GET https://docs.rs/crate/typify/0.6.1/status.json → pending (?ms, ?B)
[2026-03-28T10:30:03.575Z] GET https://play.rust-lang.org/meta/crates → 200 (1ms, ?B)
[2026-03-28T10:30:03.576Z] GET https://crates.io/assets/chunk.75937c9d8a4c729ab36b.js → 200 (?ms, ?B)
[2026-03-28T10:30:03.576Z] GET https://crates.io/api/v1/crates/typify/downloads?include=versions → pending (?ms, ?B)
[2026-03-28T10:30:03.576Z] GET https://crates.io/api/v1/crates/typify/owner_team → pending (?ms, ?B)
[2026-03-28T10:30:03.677Z] GET https://crates.io/assets/crates-io.d41d8cd98f00b204e9800998ecf8427e.css → 200 (?ms, ?B)
[2026-03-28T10:30:03.677Z] GET https://code.cdn.mozilla.net/fonts/fira.css → 200 (?ms, 7379B)
[2026-03-28T10:30:03.677Z] GET https://crates.io/assets/chunk.d6ccd009d432a4461eab.css → 200 (?ms, 123620B)
[2026-03-28T10:30:03.677Z] GET https://crates.io/assets/vendor.5fee0add436ceb6bf732dbea4738390d.js → 200 (?ms, 4670B)
[2026-03-28T10:30:03.677Z] GET https://crates.io/assets/chunk.d6ccd009d432a4461eab.js → 200 (1ms, 1474292B)
[2026-03-28T10:30:03.678Z] GET https://crates.io/assets/chunk.0e2b1977c780325d1068.js → 200 (?ms, 7677B)
[2026-03-28T10:30:03.682Z] GET https://code.cdn.mozilla.net/fonts/woff/FiraSans-Regular.woff → 200 (?ms, ?B)
[2026-03-28T10:30:03.682Z] GET https://code.cdn.mozilla.net/fonts/woff/FiraSans-Italic.woff → 200 (?ms, ?B)
[2026-03-28T10:30:03.682Z] GET https://code.cdn.mozilla.net/fonts/woff/FiraSans-Medium.woff → 200 (?ms, ?B)
[2026-03-28T10:30:03.682Z] GET https://code.cdn.mozilla.net/fonts/woff/FiraSans-Bold.woff → 200 (?ms, ?B)
[2026-03-28T10:30:03.682Z] GET https://code.cdn.mozilla.net/fonts/woff/FiraMono-Regular.woff → 200 (?ms, ?B)
[2026-03-28T10:30:03.682Z] GET https://code.cdn.mozilla.net/fonts/woff/FiraMono-Bold.woff → 200 (?ms, ?B)
[2026-03-28T10:30:03.713Z] GET https://crates.io/api/v1/crates/serde_json_diff?include=keywords%2Ccategories%2Cdownloads%2Cdefault_version → pending (?ms, ?B)
[2026-03-28T10:30:03.826Z] GET https://crates.io/crates/json_diff_ng → 200 (147ms, 3471B)
[2026-03-28T10:30:03.878Z] GET https://crates.io/api/v1/crates/serde_json_diff/owner_user → pending (?ms, ?B)
[2026-03-28T10:30:03.878Z] GET https://crates.io/assets/cargo.png → 200 (?ms, ?B)
[2026-03-28T10:30:03.878Z] GET https://crates.io/api/v1/crates/serde_json_diff/0.2.0/readme → pending (?ms, ?B)
[2026-03-28T10:30:03.878Z] GET https://docs.rs/crate/serde_json_diff/0.2.0/status.json → pending (?ms, ?B)
[2026-03-28T10:30:03.878Z] GET https://play.rust-lang.org/meta/crates → 200 (1ms, ?B)
[2026-03-28T10:30:03.878Z] GET https://crates.io/assets/chunk.75937c9d8a4c729ab36b.js → 200 (?ms, ?B)
[2026-03-28T10:30:03.878Z] GET https://crates.io/api/v1/crates/serde_json_diff/downloads?include=versions → pending (?ms, ?B)
[2026-03-28T10:30:03.878Z] GET https://crates.io/api/v1/crates/serde_json_diff/owner_team → pending (?ms, ?B)
[2026-03-28T10:30:03.978Z] GET https://crates.io/assets/crates-io.d41d8cd98f00b204e9800998ecf8427e.css → 200 (?ms, ?B)
[2026-03-28T10:30:03.979Z] GET https://code.cdn.mozilla.net/fonts/fira.css → 200 (?ms, 7379B)
[2026-03-28T10:30:03.979Z] GET https://crates.io/assets/chunk.d6ccd009d432a4461eab.css → 200 (?ms, 123620B)
[2026-03-28T10:30:03.979Z] GET https://crates.io/assets/vendor.5fee0add436ceb6bf732dbea4738390d.js → 200 (?ms, 4670B)
[2026-03-28T10:30:03.979Z] GET https://crates.io/assets/chunk.d6ccd009d432a4461eab.js → 200 (?ms, 1474292B)
[2026-03-28T10:30:03.979Z] GET https://crates.io/assets/chunk.0e2b1977c780325d1068.js → 200 (?ms, 7677B)
[2026-03-28T10:30:04.013Z] GET https://crates.io/api/v1/crates/json_diff_ng?include=keywords%2Ccategories%2Cdownloads%2Cdefault_version → 200 (147ms, ?B)
[2026-03-28T10:30:04.013Z] GET https://code.cdn.mozilla.net/fonts/woff/FiraSans-Regular.woff → 200 (?ms, ?B)
[2026-03-28T10:30:04.013Z] GET https://code.cdn.mozilla.net/fonts/woff/FiraSans-Italic.woff → 200 (?ms, ?B)
[2026-03-28T10:30:04.013Z] GET https://code.cdn.mozilla.net/fonts/woff/FiraSans-Medium.woff → 200 (?ms, ?B)
[2026-03-28T10:30:04.013Z] GET https://code.cdn.mozilla.net/fonts/woff/FiraSans-Bold.woff → 200 (1ms, ?B)
[2026-03-28T10:30:04.014Z] GET https://code.cdn.mozilla.net/fonts/woff/FiraMono-Regular.woff → 200 (?ms, ?B)
[2026-03-28T10:30:04.014Z] GET https://code.cdn.mozilla.net/fonts/woff/FiraMono-Bold.woff → 200 (?ms, ?B)
[2026-03-28T10:30:04.123Z] GET https://crates.io/crates/jsonschema-valid → 200 (162ms, 3475B)
[2026-03-28T10:30:04.180Z] GET https://crates.io/api/v1/crates/json_diff_ng/owner_user → pending (?ms, ?B)
[2026-03-28T10:30:04.180Z] GET https://crates.io/assets/cargo.png → 200 (?ms, ?B)
[2026-03-28T10:30:04.181Z] GET https://crates.io/api/v1/crates/json_diff_ng/0.6.0/readme → pending (?ms, ?B)
[2026-03-28T10:30:04.181Z] GET https://docs.rs/crate/json_diff_ng/0.6.0/status.json → pending (?ms, ?B)
[2026-03-28T10:30:04.181Z] GET https://play.rust-lang.org/meta/crates → 200 (1ms, ?B)
[2026-03-28T10:30:04.181Z] GET https://crates.io/assets/chunk.75937c9d8a4c729ab36b.js → 200 (?ms, ?B)
[2026-03-28T10:30:04.181Z] GET https://crates.io/api/v1/crates/json_diff_ng/downloads?include=versions → pending (?ms, ?B)
[2026-03-28T10:30:04.181Z] GET https://crates.io/api/v1/crates/json_diff_ng/owner_team → pending (?ms, ?B)
[2026-03-28T10:30:04.291Z] GET https://crates.io/assets/crates-io.d41d8cd98f00b204e9800998ecf8427e.css → 200 (?ms, ?B)
[2026-03-28T10:30:04.291Z] GET https://code.cdn.mozilla.net/fonts/fira.css → 200 (?ms, 7379B)
[2026-03-28T10:30:04.291Z] GET https://crates.io/assets/chunk.d6ccd009d432a4461eab.css → 200 (?ms, 123620B)
[2026-03-28T10:30:04.291Z] GET https://crates.io/assets/vendor.5fee0add436ceb6bf732dbea4738390d.js → 200 (1ms, 4670B)
[2026-03-28T10:30:04.292Z] GET https://crates.io/assets/chunk.d6ccd009d432a4461eab.js → 200 (?ms, 1474292B)
[2026-03-28T10:30:04.292Z] GET https://crates.io/assets/chunk.0e2b1977c780325d1068.js → 200 (?ms, 7677B)
[2026-03-28T10:30:04.324Z] GET https://code.cdn.mozilla.net/fonts/woff/FiraSans-Regular.woff → 200 (?ms, ?B)
[2026-03-28T10:30:04.324Z] GET https://code.cdn.mozilla.net/fonts/woff/FiraSans-Italic.woff → 200 (?ms, ?B)
[2026-03-28T10:30:04.324Z] GET https://code.cdn.mozilla.net/fonts/woff/FiraSans-Medium.woff → 200 (1ms, ?B)
[2026-03-28T10:30:04.325Z] GET https://code.cdn.mozilla.net/fonts/woff/FiraSans-Bold.woff → 200 (?ms, ?B)
[2026-03-28T10:30:04.325Z] GET https://code.cdn.mozilla.net/fonts/woff/FiraMono-Regular.woff → 200 (?ms, ?B)
[2026-03-28T10:30:04.325Z] GET https://code.cdn.mozilla.net/fonts/woff/FiraMono-Bold.woff → 200 (?ms, ?B)
[2026-03-28T10:30:04.325Z] GET https://crates.io/api/v1/crates/jsonschema-valid?include=keywords%2Ccategories%2Cdownloads%2Cdefault_version → 200 (145ms, 2578B)
[2026-03-28T10:30:04.489Z] GET https://crates.io/api/v1/crates/jsonschema-valid/owner_user → 200 (132ms, 515B)
[2026-03-28T10:30:04.489Z] GET https://crates.io/assets/cargo.png → 200 (?ms, 60046B)
[2026-03-28T10:30:04.489Z] GET https://crates.io/api/v1/crates/jsonschema-valid/0.5.2/readme → 302 (150ms, ?B)
[2026-03-28T10:30:04.489Z] GET https://docs.rs/crate/jsonschema-valid/0.5.2/status.json → 200 (174ms, 37B)
[2026-03-28T10:30:04.489Z] GET https://play.rust-lang.org/meta/crates → 200 (2ms, 27416B)
[2026-03-28T10:30:04.489Z] GET https://crates.io/assets/chunk.75937c9d8a4c729ab36b.js → 200 (?ms, 199897B)
[2026-03-28T10:30:04.489Z] GET https://crates.io/api/v1/crates/jsonschema-valid/downloads?include=versions → 200 (150ms, 25264B)
[2026-03-28T10:30:04.489Z] GET https://crates.io/api/v1/crates/jsonschema-valid/owner_team → 200 (169ms, 12B)
[2026-03-28T10:30:04.639Z] GET https://static.crates.io/readmes/jsonschema-valid/jsonschema-valid-0.5.2.html → 200 (19ms, 2162B)
[2026-03-28T10:30:04.671Z] GET https://avatars.githubusercontent.com/u/2129?v=4&s=64 → 200 (5ms, 1974B)
[2026-03-28T10:30:04.671Z] GET https://avatars3.githubusercontent.com/u/38294?v=4&s=64 → 200 (5ms, 1288B)
[2026-03-28T10:30:04.671Z] GET https://avatars1.githubusercontent.com/u/883721?v=4&s=64 → 200 (5ms, 2201B)
[2026-03-28T10:30:05.325Z] GET https://crates.io/api/v1/site_metadata → 200 (150ms, 151B)
